1643
0
1
cd-a 1
1
2
dab-b 45
ehb-b 7
2
6
dgc-c 3
bih-c 1
di-c 1
bi-c 1
dgj-c 4
fcd-c 60
3
6
cbd-d 1
cd-d 3
hcj-d 3
bjg-d 1
ii-d 28
bcb-d 24
4
3
d-e 1
hic-e 102
cba-e 1
5
7
jcc-f 1
ff-f 1
jbb-f 3
bda-f 1
bdjf-f 16
bc-f 1
e-f 1
6
6
eie-g 6
bfg-g 1
gic-g 7
bedj-g 1
ehc-g 3
iee-g 6
7
1
bfa-h 3
8
3
gie-i 13
bahi-i 1
geg-i 58
9
4
bi-j 1
ce-j 1
fbj-j 91
heg-j 7
10
2
bdi-ba 1
dhf-ba 1
11
8
bcb-bb 3
gc-bb 1
bae-bb 3
bgf-bb 9
bcef-bb 16
cd-bb 4
bee-bb 33
bcea-bb 3
12
6
ddf-bc 1
dgf-bc 22
baid-bc 1
daa-bc 7
ccj-bc 3
hbf-bc 12
13
3
bejh-bd 12
cch-bd 10
cjb-bd 1
14
4
fec-be 6
beai-be 58
babg-be 7
bbbj-be 10
15
2
hi-bf 12
dh-bf 1
16
7
bi-bg 1
iag-bg 1
jf-bg 1
fib-bg 1
baae-bg 1
gge-bg 3
bdii-bg 12
17
3
hjd-bh 1
bgeh-bh 6
ihi-bh 45
18
5
hej-bi 3
fic-bi 141
bc-bi 1
babg-bi 124
feh-bi 3
19
8
bdbf-bj 1
bc-bj 3
dhf-bj 4
dg-bj 1
db-bj 3
ch-bj 1
hcj-bj 1
cii-bj 3
20
4
gjh-ca 24
dfg-ca 3
cd-ca 1
bai-ca 1
21
3
edb-cb 6
dcc-cb 3
did-cb 3
22
4
jgi-cc 1
ff-cc 1
badc-cc 4
dgf-cc 4
23
6
dbg-cd 48
gfa-cd 1
bcaj-cd 4
ffb-cd 33
bhd-cd 7
fae-cd 1
24
4
jag-ce 7
ef-ce 1
jgf-ce 3
bi-ce 1
25
5
bbci-cf 3
def-cf 13
fhg-cf 3
eac-cf 48
cc-cf 1
26
7
hhc-cg 4
ca-cg 1
chb-cg 7
bd-cg 10
deb-cg 3
eh-cg 3
deg-cg 3
27
6
jgg-ch 9
bjd-ch 3
ddb-ch 3
hch-ch 3
dji-ch 4
cd-ch 1
28
5
hfh-ci 22
bffg-ci 64
befi-ci 3
gbg-ci 9
hif-ci 3
29
3
bfgd-cj 19
fbi-cj 1
egd-cj 1
30
8
bcei-da 12
gda-da 1
bhd-da 10
ea-da 1
bdf-da 7
beib-da 9
eej-da 4
fai-da 12
31
7
cbh-db 4
cd-db 3
bbde-db 30
cfj-db 1
bgj-db 1
bc-db 1
gi-db 1
32
6
bbgj-dc 15
ifh-dc 15
ecg-dc 3
jbf-dc 1
iag-dc 1
iej-dc 241
33
3
babg-dd 6
dfg-dd 1
fc-dd 1
34
4
di-de 4
bhe-de 1
ghj-de 1
eih-de 1
35
5
bfgb-df 82
gc-df 1
iei-df 1
igi-df 16
ibf-df 1
36
8
bcii-dg 40
bdfc-dg 4
bed-dg 1
hah-dg 40
bcag-dg 13
cee-dg 6
bebe-dg 30
bgfe-dg 10
37
5
hha-dh 51
gcd-dh 4
bagf-dh 159
db-dh 1
dc-dh 1
38
1
haf-di 388
39
3
gdb-dj 1
ef-dj 3
cbh-dj 3
40
6
dbb-ea 1
jff-ea 3
jjh-ea 4
eee-ea 3
cgg-ea 1
fda-ea 3
41
3
cdi-eb 42
hac-eb 3
bbfc-eb 60
42
5
fc-ec 1
fi-ec 4
ci-ec 1
cdc-ec 24
ege-ec 6
43
5
edf-ed 1
eb-ed 1
bfdc-ed 6
bcia-ed 19
ech-ed 4
44
3
ejg-ee 1
bacc-ee 4
cfb-ee 3
45
7
cij-ef 3
beeh-ef 6
bgd-ef 1
cih-ef 16
bgb-ef 1
ige-ef 19
egh-ef 1
46
5
bcd-eg 1
ggg-eg 61
ffd-eg 1
cbg-eg 1
bdj-eg 1
47
5
gdh-eh 37
bbei-eh 7
bbfg-eh 31
fdd-eh 1
bjb-eh 4
48
6
dff-ei 1
cbh-ei 1
bb-ei 1
jfj-ei 24
bcjf-ei 4
bbje-ei 1
49
3
baig-ej 37
jia-ej 1
cd-ej 4
50
6
dhe-fa 37
bc-fa 4
bhg-fa 1
jji-fa 6
hg-fa 1
bcb-fa 1
51
3
dfa-fb 7
bcch-fb 4
bdc-fb 13
52
5
jb-fc 1
fif-fc 28
eab-fc 1
bfch-fc 72
bcj-fc 1
53
4
je-fd 1
dhe-fd 1
daf-fd 1
dd-fd 1
54
1
jic-fe 4
55
7
gb-ff 27
bed-ff 3
dbd-ff 3
ic-ff 1
cje-ff 6
bdcg-ff 3
bdf-ff 1
56
1
bfaf-fg 6
57
7
bejb-fh 12
jjd-fh 1
d-fh 3
ccb-fh 3
jie-fh 1
bdb-fh 1
jh-fh 1
58
3
bfdg-fi 31
fg-fi 3
hee-fi 4
59
7
ddg-fj 1
ifd-fj 4
ff-fj 1
bea-fj 1
hfh-fj 1
bcha-fj 3
dbg-fj 12
60
6
cg-ga 3
fga-ga 57
cih-ga 1
bi-ga 21
dac-ga 3
eah-ga 1
61
2
bbeb-gb 1
bbjc-gb 27
62
6
gge-gc 117
e-gc 1
bga-gc 1
j-gc 1
eie-gc 42
bdfa-gc 75
63
8
icd-gd 3
dbf-gd 1
cfj-gd 7
gfb-gd 1
dai-gd 6
daj-gd 7
bfgc-gd 21
je-gd 1
64
2
g-ge 1
dfi-ge 1
65
1
cgh-gf 1
66
5
jhg-gg 6
cdh-gg 106
idf-gg 4
bfjf-gg 174
jdj-gg 1
67
3
jci-gh 1
bh-gh 1
bddh-gh 13
68
3
cbe-gi 4
ch-gi 3
bcff-gi 51
69
3
edh-gj 1
gjj-gj 4
baad-gj 1
70
3
ecc-ha 1
db-ha 12
bda-ha 1
71
2
iaa-hb 10
efh-hb 24
72
4
dbf-hc 13
gg-hc 1
ejc-hc 33
cif-hc 3
74
7
hc-he 6
bcd-he 1
bebb-he 4
bcjc-he 24
gig-he 1
gij-he 4
bgi-he 9
75
4
dah-hf 1
bdbc-hf 4
hie-hf 7
da-hf 1
76
4
cgj-hg 7
bja-hg 25
dfj-hg 1
gbd-hg 7
77
7
caa-hh 1
bdh-hh 3
jae-hh 3
gcj-hh 16
beic-hh 3
cae-hh 6
bjb-hh 9
78
5
baec-hi 132
bac-hi 1
iba-hi 132
fa-hi 1
ihf-hi 10
79
3
di-hj 1
gfg-hj 12
jfc-hj 123
80
4
ccc-ia 1
di-ia 3
bfeh-ia 6
bdjd-ia 3
81
4
gia-ib 6
dad-ib 3
ghd-ib 9
dea-ib 3
82
3
bedh-ic 18
cgi-ic 1
fdf-ic 3
83
4
gbg-id 6
ebd-id 1
ej-id 1
eab-id 100
84
5
eeh-ie 1
haj-ie 1
fbb-ie 1
bjd-ie 1
dej-ie 1
85
3
bcge-if 31
bfce-if 12
di-if 1
86
2
egf-ig 1
baif-ig 3
87
3
bba-ih 1
bcfj-ih 3
cgh-ih 12
88
6
eig-ii 3
bacj-ii 21
dgc-ii 7
bacd-ii 3
chf-ii 66
bgfi-ii 4
89
4
ife-ij 4
dbi-ij 1
fbc-ij 1
bcd-ij 7
90
3
fef-ja 1
bei-ja 1
hij-ja 28
91
4
jc-jb 1
ehi-jb 1
bc-jb 1
bhe-jb 1
92
6
babi-jc 234
fci-jc 1
gii-jc 1
gbe-jc 4
bbjg-jc 190
hj-jc 3
93
2
cae-jd 1
fhj-jd 1
94
6
fcf-je 6
bfgb-je 10
bbi-je 3
bfc-je 36
bi-je 22
gdf-je 25
95
3
dfc-jf 1
gbd-jf 6
iae-jf 3
96
3
daf-jg 184
beb-jg 4
ec-jg 1
97
6
ei-jh 1
bcbf-jh 6
hib-jh 24
dai-jh 12
bbfg-jh 271
ecj-jh 1
98
5
bdjh-ji 25
bccj-ji 9
beaa-ji 4
idd-ji 3
gbe-ji 1
99
3
fgf-jj 9
bcee-jj 13
dej-jj 7
100
5
efg-baa 39
dig-baa 42
bfg-baa 4
dfi-baa 3
fhg-baa 7
101
4
ede-bab 6
eic-bab 7
jhg-bab 3
chf-bab 13
102
5
hfi-bac 1
gja-bac 19
bfe-bac 31
da-bac 1
hj-bac 3
103
3
bha-bad 4
bfi-bad 1
jid-bad 7
104
4
ceg-bae 3
bdga-bae 36
dgj-bae 3
cd-bae 1
105
5
cgb-baf 1
bcb-baf 3
bdbh-baf 30
cbg-baf 1
cj-baf 6
106
7
fic-bag 1
baab-bag 1
bbfi-bag 1
bcc-bag 1
dad-bag 1
bfce-bag 4
ede-bag 1
107
6
deg-bah 19
ifd-bah 18
gjh-bah 85
ddf-bah 1
bbcc-bah 6
hbf-bah 19
108
2
bda-bai 10
cfj-bai 18
109
6
cjg-baj 1
chf-baj 3
bda-baj 3
db-baj 1
eg-baj 4
ddb-baj 1
110
5
je-bba 3
fbe-bba 9
dic-bba 3
hi-bba 1
gdc-bba 12
111
4
bdh-bbb 1
fdh-bbb 9
d-bbb 7
edb-bbb 3
112
5
dgb-bbc 4
dbb-bbc 1
gbg-bbc 1
chf-bbc 142
jje-bbc 13
113
2
gca-bbd 1
bja-bbd 1
114
3
cie-bbe 3
ehd-bbe 6
cb-bbe 1
115
5
fj-bbf 6
bej-bbf 1
bage-bbf 51
dfc-bbf 4
bei-bbf 82
116
6
gdc-bbg 28
cbd-bbg 1
eg-bbg 15
bbbj-bbg 9
eba-bbg 9
iff-bbg 43
117
3
ehi-bbh 10
gjh-bbh 13
bacc-bbh 369
118
9
ige-bbi 1
cbb-bbi 3
gfd-bbi 12
bech-bbi 3
beeh-bbi 204
beb-bbi 1
bca-bbi 1
cea-bbi 1
ib-bbi 1
119
7
bbag-bbj 15
bbf-bbj 1
baja-bbj 4
eh-bbj 15
ige-bbj 3
fag-bbj 291
gjh-bbj 1
120
6
cji-bca 6
gaf-bca 1
cc-bca 1
gae-bca 3
bae-bca 1
eae-bca 6
121
4
bbgc-bcb 15
bdea-bcb 1
bbdg-bcb 19
fba-bcb 57
122
7
gfi-bcc 3
jg-bcc 1
bebg-bcc 3
bbab-bcc 31
bjd-bcc 1
hgb-bcc 1
bbff-bcc 168
123
5
eed-bcd 22
ddj-bcd 4
iie-bcd 1
gc-bcd 1
jec-bcd 7
124
8
edi-bce 12
bb-bce 1
bagd-bce 10
ccc-bce 1
gef-bce 21
gc-bce 10
fed-bce 1
bi-bce 12
125
4
cea-bcf 7
deg-bcf 3
gih-bcf 3
ddj-bcf 4
126
7
g-bcg 3
dbg-bcg 3
hcj-bcg 1
bhj-bcg 1
di-bcg 1
dgg-bcg 1
cah-bcg 1
127
6
gad-bch 22
bgbf-bch 7
dfd-bch 1
bfc-bch 1
fbh-bch 21
ecb-bch 9
128
7
fi-bci 1
bbhe-bci 121
fag-bci 4
bbc-bci 1
bcbc-bci 16
bagb-bci 30
bbf-bci 6
129
7
bah-bcj 4
cjh-bcj 1
icj-bcj 3
cjg-bcj 1
bbf-bcj 3
iff-bcj 52
eac-bcj 1
130
6
eh-bda 13
dhg-bda 15
ia-bda 1
fbe-bda 1
dfj-bda 22
ffa-bda 100
131
8
cda-bdb 1
fib-bdb 1
deh-bdb 10
bhb-bdb 3
efd-bdb 33
bfc-bdb 1
jbg-bdb 3
djh-bdb 4
132
9
fdc-bdc 15
fee-bdc 49
bec-bdc 1
jbg-bdc 10
bbjh-bdc 9
cfc-bdc 3
bbah-bdc 4
bfea-bdc 30
bbfe-bdc 6
133
5
bcgc-bdd 36
bja-bdd 1
bece-bdd 15
bjf-bdd 1
efa-bdd 1
134
6
iah-bde 6
bdh-bde 1
beec-bde 3
bba-bde 3
gge-bde 6
hhi-bde 1
135
6
hc-bdf 1
bhe-bdf 1
hcg-bdf 70
bbab-bdf 28
gea-bdf 30
gbf-bdf 10
136
8
bahh-bdg 78
jdg-bdg 12
dhi-bdg 3
bcc-bdg 1
bbij-bdg 42
djj-bdg 3
ch-bdg 3
cha-bdg 10
137
4
feh-bdh 9
ce-bdh 4
jjg-bdh 16
edg-bdh 6
138
6
gci-bdi 24
bffi-bdi 3
ich-bdi 3
bcfj-bdi 1
iic-bdi 100
jbe-bdi 3
139
7
hhc-bdj 6
igg-bdj 3
geh-bdj 61
igb-bdj 1
jfe-bdj 48
bbbh-bdj 3
ffb-bdj 1
140
4
dgc-bea 18
cdh-bea 1
fif-bea 1
dgb-bea 3
141
8
djg-beb 6
dci-beb 6
cbg-beb 3
edh-beb 4
ffd-beb 1
cbe-beb 1
fe-beb 1
hia-beb 63
142
8
bdh-bec 1
eei-bec 7
ii-bec 13
hj-bec 21
ica-bec 3
hea-bec 36
hff-bec 1
bdei-bec 33
143
6
feh-bed 4
begd-bed 7
cfa-bed 1
cd-bed 51
ica-bed 4
bhc-bed 1
144
5
bbej-bee 3
gjd-bee 10
dfg-bee 4
bgbe-bee 439
cfa-bee 1
145
4
jei-bef 3
fgj-bef 12
bjd-bef 3
dai-bef 13
146
5
hgd-beg 1
bef-beg 6
bja-beg 1
ea-beg 1
fei-beg 4
147
9
gdd-beh 1
ccg-beh 3
cia-beh 4
ih-beh 1
ieh-beh 67
hi-beh 12
jbj-beh 6
bab-beh 7
ef-beh 3
148
5
bcgi-bei 24
becg-bei 1
jca-bei 72
jbi-bei 6
fge-bei 33
149
5
cdi-bej 1
fif-bej 30
bdb-bej 1
dbi-bej 3
bec-bej 10
150
5
cdf-bfa 3
egg-bfa 3
ifi-bfa 1
cjd-bfa 15
ddd-bfa 1
151
2
bdji-bfb 27
fda-bfb 1
152
9
dhb-bfc 3
gbi-bfc 9
fbb-bfc 1
cei-bfc 3
bafi-bfc 12
cdb-bfc 1
ifh-bfc 6
dcb-bfc 103
fcb-bfc 3
153
4
cie-bfd 4
jgi-bfd 3
haa-bfd 4
bif-bfd 1
154
5
hff-bfe 1
cgh-bfe 9
dch-bfe 30
baea-bfe 25
gbc-bfe 9
155
4
gfe-bff 10
bcie-bff 4
fdh-bff 1
eec-bff 13
156
8
hj-bfg 7
hhe-bfg 9
fh-bfg 1
bgac-bfg 63
dae-bfg 1
efi-bfg 4
bef-bfg 1
be-bfg 1
157
4
bae-bfh 1
eaa-bfh 4
gcj-bfh 1
baf-bfh 1
158
7
bacf-bfi 1
bgci-bfi 397
jhe-bfi 1
idg-bfi 12
ich-bfi 3
gaa-bfi 207
ecj-bfi 1
159
5
bii-bfj 9
jjj-bfj 10
gif-bfj 4
gce-bfj 1
ded-bfj 1
160
3
efe-bga 9
dij-bga 1
hbd-bga 39
161
6
dff-bgb 1
cgc-bgb 12
bcga-bgb 1
bedd-bgb 6
hea-bgb 76
bahe-bgb 3
162
7
fd-bgc 1
ehc-bgc 1
cgd-bgc 7
cdb-bgc 1
cff-bgc 1
bdeh-bgc 10
ffi-bgc 1
163
5
edg-bgd 18
dbj-bgd 1
bgdh-bgd 7
gd-bgd 3
f-bgd 1
164
3
hci-bge 15
d-bge 3
jif-bge 15
165
4
bd-bgf 1
iaa-bgf 24
bie-bgf 1
baih-bgf 1
166
6
ehg-bgg 45
babe-bgg 3
heh-bgg 33
id-bgg 1
bcaa-bgg 45
bdde-bgg 7
167
5
cgg-bgh 1
cej-bgh 3
bfgh-bgh 9
dbg-bgh 13
be-bgh 3
168
8
daj-bgi 52
cbi-bgi 27
cej-bgi 1
baa-bgi 3
eij-bgi 7
bhh-bgi 10
bc-bgi 3
dda-bgi 1
169
5
hbh-bgj 1
hch-bgj 4
bffe-bgj 3
jai-bgj 3
djh-bgj 1
170
8
bi-bha 4
bff-bha 1
ddd-bha 1
fh-bha 3
edd-bha 1
gi-bha 55
bde-bha 3
ccd-bha 1
171
6
fcb-bhb 4
bfbi-bhb 6
cda-bhb 3
jh-bhb 1
ih-bhb 6
hhd-bhb 31
172
6
bagf-bhc 21
edf-bhc 3
bfe-bhc 7
gfg-bhc 3
eje-bhc 3
bbfd-bhc 72
173
4
hj-bhd 6
bcb-bhd 1
gii-bhd 3
eed-bhd 9
174
5
cfe-bhe 15
daa-bhe 150
chd-bhe 4
ebi-bhe 1
bgj-bhe 1
175
6
bci-bhf 15
cgi-bhf 1
ech-bhf 6
jga-bhf 1
ca-bhf 1
dgi-bhf 3
176
7
baf-bhg 4
iga-bhg 7
cfi-bhg 3
cbg-bhg 1
bci-bhg 1
cdi-bhg 66
babb-bhg 6
177
4
bai-bhh 4
cch-bhh 6
efe-bhh 15
cbc-bhh 1
178
5
cdb-bhi 1
gbb-bhi 4
bacb-bhi 1
eaj-bhi 28
ibh-bhi 16
179
7
bafb-bhj 57
hbc-bhj 3
dbf-bhj 1
ghd-bhj 6
fha-bhj 4
hg-bhj 3
cb-bhj 3
180
4
dac-bia 1
hi-bia 4
bjg-bia 1
cch-bia 9
181
3
fhc-bib 3
eae-bib 268
hjj-bib 1
182
4
baa-bic 4
hdc-bic 1
eee-bic 3
dc-bic 1
183
4
beh-bid 3
bef-bid 3
dec-bid 1
bajd-bid 1
184
11
bcai-bie 4
bde-bie 6
bbc-bie 1
hdd-bie 10
bae-bie 1
bcc-bie 3
cdc-bie 1
dbe-bie 1
cfe-bie 1
eig-bie 4
bef-bie 1
185
5
je-bif 1
cji-bif 3
babf-bif 93
bahf-bif 1
bgcg-bif 202
186
2
deg-big 7
bdde-big 3
187
4
ccj-bih 1
dcf-bih 18
bcff-bih 85
hef-bih 3
188
5
bcej-bii 12
caj-bii 1
bga-bii 4
dfa-bii 3
ejd-bii 4
189
6
cha-bij 15
eab-bij 1
gfi-bij 1
ba-bij 1
bcj-bij 1
cia-bij 12
190
3
ded-bja 28
dca-bja 325
dig-bja 1
191
4
db-bjb 4
fed-bjb 3
bcdb-bjb 12
bbee-bjb 18
192
5
baad-bjc 21
ggh-bjc 1
eia-bjc 1
ibe-bjc 6
bagc-bjc 1
193
5
gd-bjd 1
di-bjd 1
hdg-bjd 159
bij-bjd 3
ghb-bjd 42
194
4
cga-bje 10
eja-bje 1
ecd-bje 93
dgf-bje 1
195
6
ecg-bjf 48
baff-bjf 453
hie-bjf 1
bccc-bjf 1
hic-bjf 69
hii-bjf 9
196
3
dih-bjg 4
df-bjg 3
cec-bjg 1
197
6
gfd-bjh 1
djg-bjh 1
jeb-bjh 3
cd-bjh 13
bcb-bjh 6
eah-bjh 1
198
4
fdj-bji 1
beeb-bji 57
cgh-bji 1
dbg-bji 1
199
4
jhe-bjj 30
edg-bjj 3
gci-bjj 57
baad-bjj 324
200
6
hfg-caa 3
dhc-caa 1
ecb-caa 6
bafd-caa 4
djj-caa 7
jgd-caa 1
201
6
cjd-cab 10
jbg-cab 3
bdg-cab 28
jca-cab 1
bef-cab 3
daf-cab 1
202
5
bbdh-cac 4
fid-cac 33
cgd-cac 1
djc-cac 7
dbf-cac 36
203
3
ege-cad 3
edd-cad 1
icg-cad 4
204
8
bccg-cae 18
chb-cae 4
hhb-cae 19
bcb-cae 24
cci-cae 1
gdi-cae 3
bea-cae 1
jcd-cae 6
205
3
gag-caf 6
bafb-caf 126
ghc-caf 1
206
4
ebb-cag 4
fbi-cag 4
cie-cag 25
bbg-cag 1
207
6
ih-cah 3
fac-cah 3
cce-cah 3
bahc-cah 4
fde-cah 1
bebe-cah 16
208
2
gdb-cai 1
jda-cai 1
209
4
eji-caj 6
ghh-caj 6
jh-caj 1
eba-caj 1
210
4
bgdd-cba 127
bbjf-cba 222
bccb-cba 12
bfi-cba 1
211
5
ca-cbb 1
ihc-cbb 7
da-cbb 1
be-cbb 3
cge-cbb 9
212
2
bcdg-cbc 138
efg-cbc 277
213
8
ehe-cbd 3
jfc-cbd 268
eag-cbd 10
chb-cbd 3
bif-cbd 3
bcdc-cbd 18
jej-cbd 3
cec-cbd 6
214
1
bbcc-cbe 100
215
3
ceb-cbf 1
bff-cbf 3
cdj-cbf 1
216
4
becj-cbg 94
bdg-cbg 1
bbfi-cbg 73
hjj-cbg 4
217
5
bfg-cbh 1
bhi-cbh 27
jhi-cbh 7
ej-cbh 3
caj-cbh 1
218
3
ebh-cbi 3
bdi-cbi 1
ede-cbi 124
219
5
dcf-cbj 4
db-cbj 3
jec-cbj 1
gjj-cbj 21
hi-cbj 3
220
6
cbe-cca 1
bbdb-cca 6
bbi-cca 1
ihg-cca 1
eea-cca 4
ehi-cca 1
221
6
jeh-ccb 3
ddd-ccb 3
bjj-ccb 3
eig-ccb 1
d-ccb 1
ejj-ccb 3
222
3
eag-ccc 13
jfh-ccc 31
bcda-ccc 6
223
6
eae-ccd 1
feh-ccd 4
ecd-ccd 3
dhh-ccd 1
bajb-ccd 21
cjf-ccd 4
224
4
daf-cce 1
bdc-cce 1
hdf-cce 1
bceh-cce 9
225
7
ihi-ccf 282
ga-ccf 22
ghd-ccf 1
bfdd-ccf 1
dca-ccf 36
jeg-ccf 1
hcc-ccf 1
226
7
fhh-ccg 1
hjh-ccg 1
ijd-ccg 3
bih-ccg 1
bahi-ccg 4
hde-ccg 1
ide-ccg 1
227
4
egd-cch 78
baaf-cch 39
ice-cch 1
bhe-cch 3
228
4
haf-cci 6
bbfd-cci 43
bgbg-cci 46
ceb-cci 1
229
6
j-ccj 1
gdf-ccj 9
hji-ccj 42
bch-ccj 1
cch-ccj 7
eeb-ccj 12
230
3
ejd-cda 4
dd-cda 3
jae-cda 3
231
4
fcf-cdb 3
ejg-cdb 157
jaa-cdb 10
bff-cdb 4
232
6
fad-cdc 12
eb-cdc 1
ccj-cdc 3
ddj-cdc 18
hjg-cdc 3
gac-cdc 1
233
2
bebi-cdd 24
db-cdd 7
234
7
bj-cde 1
fff-cde 1
bi-cde 3
gge-cde 9
hhb-cde 10
bdia-cde 7
bjb-cde 1
235
5
iee-cdf 6
bhj-cdf 10
fjc-cdf 319
badh-cdf 4
dfa-cdf 3
236
6
bfjd-cdg 10
gcf-cdg 4
bdf-cdg 7
cid-cdg 1
dff-cdg 192
eif-cdg 1
237
3
gfd-cdh 6
gd-cdh 1
bbja-cdh 247
238
4
deb-cdi 3
j-cdi 27
beha-cdi 99
jbc-cdi 6
239
3
hgg-cdj 4
ega-cdj 25
chh-cdj 1
240
7
gbi-cea 4
jaj-cea 63
che-cea 40
cac-cea 1
if-cea 1
cfi-cea 3
be-cea 1
241
6
dfe-ceb 4
bfj-ceb 9
cii-ceb 1
bdea-ceb 270
bch-ceb 1
dhh-ceb 4
242
4
bbc-cec 1
bad-cec 6
bdg-cec 3
bajb-cec 15
243
3
bbgc-ced 25
cah-ced 4
efg-ced 1
244
3
jhc-cee 1
ic-cee 18
eej-cee 7
245
4
dab-cef 9
bha-cef 16
bbec-cef 1
bfi-cef 15
246
4
iag-ceg 9
gdg-ceg 9
bfa-ceg 1
cah-ceg 10
247
4
gdd-ceh 3
eeg-ceh 3
cic-ceh 1
bje-ceh 1
248
5
fhi-cei 4
ddf-cei 1
ehj-cei 1
dgf-cei 3
bfb-cei 1
249
8
bbeg-cej 28
ef-cej 1
bh-cej 45
bda-cej 1
jej-cej 1
gig-cej 1
dif-cej 13
bbee-cej 25
250
5
gei-cfa 78
eb-cfa 1
ice-cfa 21
hdi-cfa 10
bdhb-cfa 102
251
7
fgg-cfb 4
baga-cfb 3
fc-cfb 1
cea-cfb 3
g-cfb 6
gje-cfb 4
fhe-cfb 12
252
3
eca-cfc 1
ieg-cfc 3
gef-cfc 7
253
6
bcdh-cfd 3
ccg-cfd 3
bchd-cfd 33
geb-cfd 7
cje-cfd 9
a-cfd 1
254
2
ijc-cfe 19
jf-cfe 3
255
5
hda-cff 15
ejg-cff 73
hjf-cff 4
egj-cff 1
bafc-cff 39
256
4
bbdg-cfg 57
bfdb-cfg 39
ej-cfg 22
gic-cfg 10
257
7
fjh-cfh 6
bbee-cfh 6
cie-cfh 271
gbg-cfh 1
bee-cfh 3
baj-cfh 1
cid-cfh 3
258
5
badf-cfi 3
bcfi-cfi 6
dhi-cfi 19
eec-cfi 3
chd-cfi 3
259
6
efb-cfj 1
beb-cfj 6
bd-cfj 1
fh-cfj 1
cfi-cfj 28
dib-cfj 1
260
7
cah-cga 1
chj-cga 4
cgd-cga 3
bcjf-cga 109
bhb-cga 19
chf-cga 9
dh-cga 1
261
5
da-cgb 40
gdf-cgb 19
deb-cgb 24
dch-cgb 1
dhd-cgb 1
262
6
ica-cgc 9
ee-cgc 3
hdb-cgc 3
cdb-cgc 1
fji-cgc 3
hfc-cgc 7
263
6
bafi-cgd 6
bafd-cgd 18
dcf-cgd 40
bec-cgd 3
bajg-cgd 1
dcj-cgd 4
264
6
hai-cge 1
ea-cge 1
fh-cge 1
cci-cge 3
bba-cge 6
bfc-cge 12
265
5
dej-cgf 4
ibe-cgf 4
fcc-cgf 39
gie-cgf 3
bgbh-cgf 43
266
5
fhc-cgg 15
bdh-cgg 3
dib-cgg 1
bgae-cgg 3
bii-cgg 1
267
5
cag-cgh 18
bdhc-cgh 580
hc-cgh 21
babb-cgh 6
hif-cgh 1
268
5
fdh-cgi 34
djh-cgi 4
ia-cgi 1
baaa-cgi 255
daf-cgi 3
269
4
dgg-cgj 1
fei-cgj 3
eag-cgj 9
ifi-cgj 12
270
6
egj-cha 10
gfh-cha 7
ged-cha 16
dhj-cha 4
bhi-cha 1
dcb-cha 10
271
3
fff-chb 9
bcbi-chb 24
eci-chb 3
272
5
jfb-chc 4
fjc-chc 1
jhd-chc 37
bbfj-chc 13
hba-chc 3
273
4
ebh-chd 4
cjc-chd 4
bfbg-chd 66
dfj-chd 6
274
4
befj-che 43
eah-che 1
dej-che 1
dbj-che 1
275
5
did-chf 3
ehb-chf 1
hfb-chf 6
fch-chf 21
eca-chf 279
276
4
fc-chg 1
hja-chg 3
edh-chg 6
iab-chg 9
277
4
cbb-chh 1
ca-chh 1
cid-chh 1
ddj-chh 1
278
6
jeh-chi 7
ibj-chi 4
bbea-chi 33
bbc-chi 123
cee-chi 1
hga-chi 1
279
6
fg-chj 3
fjd-chj 1
jg-chj 1
dia-chj 1
hhi-chj 9
bgh-chj 1
280
4
jej-cia 6
eie-cia 7
jj-cia 3
cce-cia 1
281
5
bcce-cib 12
eha-cib 126
bdhb-cib 21
bdhh-cib 87
hh-cib 7
282
5
ifd-cic 1
igc-cic 1
dhi-cic 16
bbi-cic 1
jce-cic 1
283
11
cab-cid 9
hgg-cid 6
fic-cid 1
bdh-cid 4
fcf-cid 15
dfd-cid 6
ebi-cid 7
bii-cid 1
cjb-cid 61
dfa-cid 1
ehb-cid 4
284
3
jfi-cie 534
gg-cie 258
bih-cie 3
285
8
dcb-cif 1
bcja-cif 247
bbai-cif 6
gfe-cif 3
dgb-cif 3
idd-cif 1
dae-cif 3
baed-cif 1
286
6
hai-cig 1
eef-cig 1
dge-cig 1
bbac-cig 3
hdd-cig 1
hbj-cig 12
287
2
cda-cih 1
icg-cih 123
288
6
ggd-cii 9
gbi-cii 7
cah-cii 3
dad-cii 3
baha-cii 37
gc-cii 1
289
4
bgi-cij 1
dgf-cij 10
cch-cij 1
ch-cij 4
290
6
bcaa-cja 16
hcj-cja 16
ead-cja 7
ehg-cja 10
ija-cja 4
dge-cja 1
291
4
jbi-cjb 7
eei-cjb 1
beba-cjb 73
bagh-cjb 6
292
4
bcih-cjc 18
db-cjc 3
bfgi-cjc 270
bada-cjc 51
293
2
eje-cjd 6
bdaa-cjd 34
294
3
bbi-cje 7
cea-cje 15
fje-cje 1
295
3
egf-cjf 1
dba-cjf 4
cgb-cjf 3
296
1
cgb-cjg 3
297
5
he-cjh 1
da-cjh 3
jfd-cjh 6
hhf-cjh 3
dci-cjh 1
298
6
bee-cji 1
bdcg-cji 1
bdce-cji 27
id-cji 4
hbd-cji 3
dbj-cji 1
299
6
bcie-cjj 4
jah-cjj 181
bgh-cjj 6
bfeb-cjj 48
fci-cjj 1
cc-cjj 3
300
6
jjb-daa 37
bbhc-daa 28
edd-daa 6
bfde-daa 99
ih-daa 4
fh-daa 4
301
6
hi-dab 109
icf-dab 1
cjh-dab 1
bace-dab 4
bef-dab 9
ede-dab 1
302
5
fgc-dac 3
de-dac 1
bgi-dac 6
dce-dac 9
iid-dac 9
303
4
gcb-dad 13
gfd-dad 82
dab-dad 9
gfe-dad 28
304
4
baaa-dae 4
ebf-dae 1
fce-dae 22
bcib-dae 136
305
7
bddb-daf 4
jae-daf 9
cha-daf 3
fbb-daf 45
badi-daf 160
bdcb-daf 103
bdag-daf 1
306
3
jg-dag 1
hcd-dag 7
eb-dag 1
307
4
ehc-dah 9
ggg-dah 9
cgi-dah 1
ihj-dah 3
308
6
bchi-dai 19
ebd-dai 1
dhc-dai 1
chh-dai 1
ejb-dai 3
bafa-dai 10
309
6
fae-daj 3
dhe-daj 7
ebb-daj 1
geh-daj 55
dce-daj 7
fhj-daj 16
310
3
bff-dba 4
hhj-dba 61
gdh-dba 7
311
4
dfc-dbb 1
cjb-dbb 10
eaa-dbb 363
dgi-dbb 1
312
2
hca-dbc 24
dah-dbc 12
313
5
bbg-dbd 1
gcb-dbd 73
bfg-dbd 7
ceg-dbd 1
bdjf-dbd 19
314
3
bcaf-dbe 42
dfh-dbe 3
dac-dbe 3
315
7
baad-dbf 16
gdc-dbf 1
gib-dbf 415
bbcb-dbf 4
dac-dbf 3
ei-dbf 1
eid-dbf 6
316
3
dab-dbg 24
iag-dbg 403
ffg-dbg 3
317
5
cdb-dbh 3
caa-dbh 4
cid-dbh 1
fha-dbh 33
gfj-dbh 1
318
5
eia-dbi 3
fah-dbi 3
edd-dbi 16
ch-dbi 3
bcaa-dbi 10
319
6
gjf-dbj 9
dad-dbj 9
dhd-dbj 15
cgb-dbj 1
cg-dbj 1
bb-dbj 4
320
5
badg-dca 3
jbi-dca 253
a-dca 1
bdii-dca 75
bda-dca 58
321
6
fi-dcb 13
eda-dcb 46
efg-dcb 6
gbj-dcb 9
jia-dcb 4
gad-dcb 52
322
9
gdi-dcc 3
cdd-dcc 1
ddf-dcc 4
fbb-dcc 1
chf-dcc 25
di-dcc 36
heg-dcc 9
jah-dcc 58
eie-dcc 1
323
4
cg-dcd 6
gjc-dcd 1
gda-dcd 3
cfg-dcd 4
324
4
ebg-dce 6
jef-dce 319
cce-dce 3
bcg-dce 1
325
5
cgb-dcf 15
fce-dcf 4
bbja-dcf 60
fea-dcf 10
bhe-dcf 6
326
3
jjj-dcg 1
dca-dcg 19
cd-dcg 1
327
5
dh-dch 4
eca-dch 1
cjc-dch 1
bdgc-dch 9
jai-dch 162
328
5
cge-dci 3
ehi-dci 12
bcef-dci 30
ddg-dci 9
dae-dci 9
329
5
dhd-dcj 1
begb-dcj 12
jcg-dcj 57
dbj-dcj 1
bde-dcj 1
330
4
fjj-dda 1
dai-dda 4
cea-dda 1
bjj-dda 9
331
6
bcea-ddb 3
ddd-ddb 3
eig-ddb 1
bbdj-ddb 3
bdge-ddb 7
cjb-ddb 1
332
5
beg-ddc 4
bfjb-ddc 37
dac-ddc 7
ia-ddc 1
bja-ddc 15
333
4
beef-ddd 37
bci-ddd 4
hed-ddd 1
gfa-ddd 1
334
9
gaa-dde 1
ghh-dde 36
bbj-dde 3
fbe-dde 3
dbe-dde 3
ejf-dde 6
d-dde 24
ehd-dde 1
ifj-dde 1
335
7
id-ddf 9
eij-ddf 24
fcf-ddf 46
eb-ddf 18
chf-ddf 1
bei-ddf 3
jh-ddf 1
336
3
cdi-ddg 4
cgc-ddg 4
eid-ddg 31
337
4
baa-ddh 73
ef-ddh 13
ech-ddh 9
edi-ddh 1
338
6
fib-ddi 1
ehd-ddi 7
cfa-ddi 3
ef-ddi 6
bjc-ddi 1
jja-ddi 1
339
6
ecg-ddj 55
dia-ddj 3
ihj-ddj 7
haa-ddj 31
ehi-ddj 1
ccd-ddj 1
340
6
dia-dea 6
edh-dea 21
ejd-dea 63
ebe-dea 6
bgi-dea 12
ief-dea 31
341
6
fei-deb 13
cbi-deb 90
hha-deb 1
hfg-deb 10
hgj-deb 4
hjc-deb 1
342
5
bfg-dec 51
ba-dec 1
fdc-dec 9
bcgh-dec 13
bg-dec 3
343
5
ihf-ded 55
gij-ded 42
ddc-ded 6
bdbb-ded 4
jab-ded 3
344
5
dej-dee 1
dhc-dee 1
fhb-dee 1
cia-dee 4
fji-dee 7
345
3
ceb-def 3
bajh-def 12
jfi-def 72
346
6
cfb-deg 4
fhd-deg 30
bceg-deg 1
eec-deg 10
cdh-deg 1
hia-deg 10
347
4
gcf-deh 1
ifa-deh 3
dj-deh 7
iji-deh 6
348
2
fif-dei 4
gjc-dei 1
349
4
babg-dej 12
bcah-dej 681
fda-dej 22
dif-dej 10
350
5
fie-dfa 15
hab-dfa 12
bfb-dfa 6
eai-dfa 6
ege-dfa 12
351
3
e-dfb 72
ehb-dfb 7
bde-dfb 3
352
7
ca-dfc 6
cjc-dfc 1
fgj-dfc 10
ddc-dfc 3
fgg-dfc 4
eb-dfc 4
ghb-dfc 1
353
6
bbae-dfd 3
idj-dfd 64
bfcc-dfd 10
bga-dfd 4
da-dfd 7
gcb-dfd 3
354
4
ii-dfe 16
badc-dfe 3
ejd-dfe 9
baac-dfe 67
355
5
hii-dff 172
jha-dff 1
heg-dff 13
ife-dff 4
gie-dff 55
356
3
dhf-dfg 6
cdj-dfg 1
eib-dfg 330
357
5
fee-dfh 31
fhb-dfh 43
beci-dfh 27
bbcb-dfh 25
hg-dfh 1
358
3
egd-dfi 73
baac-dfi 1
hgh-dfi 456
359
3
eb-dfj 3
ejd-dfj 1
bbah-dfj 34
360
5
fff-dga 34
g-dga 3
cb-dga 1
bcdg-dga 112
dgi-dga 1
361
2
cad-dgb 1
bcae-dgb 31
362
6
bc-dgc 3
bdbb-dgc 1
jic-dgc 21
jja-dgc 1
fib-dgc 16
c-dgc 1
363
9
bbjf-dgd 21
ifb-dgd 6
bfa-dgd 4
feh-dgd 3
ebc-dgd 1
cbc-dgd 1
badi-dgd 13
bajj-dgd 10
ifg-dgd 1
364
6
bccf-dge 28
ifc-dge 1
beaa-dge 9
ef-dge 6
hcj-dge 4
dc-dge 6
365
4
jfj-dgf 3
bbba-dgf 45
bffd-dgf 3
dhf-dgf 1
366
3
dce-dgg 1
bg-dgg 4
bced-dgg 4
367
2
idi-dgh 34
dff-dgh 1
368
5
ibf-dgi 10
cgg-dgi 3
bbf-dgi 3
deb-dgi 21
ceb-dgi 1
369
4
ghb-dgj 4
gg-dgj 33
bcab-dgj 10
bea-dgj 16
370
4
dji-dha 3
jhi-dha 1
dij-dha 3
ecg-dha 1
371
3
ebh-dhb 16
d-dhb 7
bajb-dhb 16
372
7
ccd-dhc 1
bdab-dhc 28
dbg-dhc 342
bbed-dhc 3
jii-dhc 31
dfg-dhc 3
bbce-dhc 46
373
6
hfh-dhd 7
baeg-dhd 43
dgh-dhd 39
ije-dhd 33
cdi-dhd 10
fhc-dhd 3
374
6
bbhi-dhe 51
bbii-dhe 33
bbhb-dhe 16
ieg-dhe 6
ehb-dhe 1
dca-dhe 10
375
5
ebj-dhf 25
ich-dhf 4
bcf-dhf 1
cjd-dhf 10
baga-dhf 63
376
4
beab-dhg 9
bfe-dhg 34
ida-dhg 4
begf-dhg 1
377
5
bbb-dhh 4
bbh-dhh 7
dgf-dhh 10
bdac-dhh 19
gbg-dhh 4
378
6
ebh-dhi 4
ihg-dhi 58
bcab-dhi 4
fjf-dhi 3
bbbb-dhi 4
fhf-dhi 9
379
7
begh-dhj 9
fce-dhj 7
idc-dhj 6
ddj-dhj 64
icc-dhj 4
idf-dhj 45
ecj-dhj 1
380
4
ecg-dia 406
hge-dia 3
jcc-dia 1
bdc-dia 3
381
4
ffd-dib 1
bgg-dib 4
cfd-dib 6
dhj-dib 18
382
8
dih-dic 1
bbgj-dic 1
edj-dic 25
hc-dic 1
hhd-dic 6
jff-dic 4
ebi-dic 7
fh-dic 6
383
6
dhg-did 4
bgj-did 3
bab-did 6
ccj-did 1
eii-did 1
hid-did 3
384
6
baag-die 123
dci-die 3
jeb-die 4
fig-die 1
fac-die 40
fea-die 7
385
1
bbdh-dif 76
386
3
hih-dig 15
fcd-dig 72
edj-dig 22
387
2
fdg-dih 39
bbjg-dih 9
388
2
bdeg-dii 21
bage-dii 49
389
5
hhe-dij 45
cga-dij 6
ici-dij 429
bacf-dij 4
eai-dij 4
390
2
bdhi-dja 3
bhe-dja 3
391
2
eee-djb 6
jjj-djb 58
392
3
dba-djc 10
jaj-djc 58
ddi-djc 13
393
6
jdd-djd 1
ceb-djd 1
ifd-djd 10
cie-djd 6
jif-djd 1
bejh-djd 9
394
7
dbh-dje 1
bbj-dje 9
beaj-dje 105
dbi-dje 1
hag-dje 1
ddc-dje 1
he-dje 1
395
2
eha-djf 1
di-djf 1
396
7
bcc-djg 1
jbc-djg 1
cji-djg 3
bceg-djg 6
hca-djg 15
baa-djg 3
efi-djg 9
397
9
bdef-djh 96
gai-djh 3
bdh-djh 1
ebi-djh 34
gdg-djh 15
bif-djh 4
beca-djh 21
djb-djh 3
cjc-djh 138
398
4
bahj-dji 3
cha-dji 4
hhj-dji 12
cic-dji 3
399
6
bbc-djj 31
jib-djj 43
dda-djj 3
caj-djj 1
egi-djj 1
dec-djj 19
400
7
ghi-eaa 3
hbg-eaa 1
bif-eaa 1
jbb-eaa 1
hjj-eaa 48
eji-eaa 3
bee-eaa 411
401
4
bbga-eab 102
chi-eab 13
fh-eab 3
bdha-eab 10
402
5
big-eac 1
bcc-eac 1
bagg-eac 12
jhi-eac 1
cej-eac 45
403
4
caf-ead 15
dce-ead 4
chj-ead 1
dj-ead 1
404
7
fed-eae 4
gai-eae 1
fhi-eae 7
gdc-eae 6
icb-eae 447
bic-eae 7
edd-eae 1
405
4
fde-eaf 4
fgj-eaf 9
jc-eaf 4
ghj-eaf 1
406
5
cfa-eag 1
hea-eag 6
ca-eag 3
hgb-eag 3
gff-eag 19
407
5
bcaj-eah 15
eca-eah 52
gdj-eah 13
cgd-eah 1
bbcf-eah 469
408
4
be-eai 3
ffa-eai 1
bbec-eai 138
efh-eai 6
409
4
dfj-eaj 1
eae-eaj 4
beec-eaj 36
jfa-eaj 4
410
6
bjj-eba 3
bebc-eba 12
bif-eba 252
cee-eba 3
feb-eba 13
gih-eba 4
411
7
fff-ebb 12
ebg-ebb 1
fac-ebb 1
beb-ebb 13
iij-ebb 43
ffd-ebb 28
ggb-ebb 7
412
3
ecb-ebc 1
bjg-ebc 1
baej-ebc 4
413
8
badb-ebd 82
had-ebd 6
cag-ebd 1
cbb-ebd 3
ejb-ebd 9
bcce-ebd 15
dgi-ebd 16
bdae-ebd 105
414
6
ebb-ebe 7
ceb-ebe 1
df-ebe 18
hfg-ebe 1
dgb-ebe 1
bfhc-ebe 10
415
4
fhf-ebf 3
ijf-ebf 4
bge-ebf 1
bfd-ebf 1
416
3
dcf-ebg 3
fga-ebg 4
ghg-ebg 1
417
4
bahf-ebh 13
hdg-ebh 3
icg-ebh 336
daf-ebh 1
418
3
hfe-ebi 57
ebd-ebi 4
ebc-ebi 3
419
5
djj-ebj 48
ghd-ebj 7
jgc-ebj 153
igf-ebj 1
ehi-ebj 37
420
5
jga-eca 396
eh-eca 45
jff-eca 4
dhi-eca 3
dbf-eca 12
421
2
daj-ecb 3
bchc-ecb 64
422
10
fbe-ecc 6
gce-ecc 1
bdch-ecc 136
ejd-ecc 1
jc-ecc 1
bdie-ecc 3
babd-ecc 4
cd-ecc 7
edi-ecc 9
idf-ecc 4
423
3
dha-ecd 4
jfj-ecd 474
fba-ecd 4
424
4
ecd-ece 1
ici-ece 3
eaa-ece 15
eeh-ece 1
425
6
dh-ecf 1
beh-ecf 28
dgb-ecf 6
cib-ecf 6
eed-ecf 1
dc-ecf 1
426
3
dfa-ecg 7
fbc-ecg 7
bcca-ecg 501
427
5
dbh-ech 12
bajd-ech 1
fcf-ech 1
jjc-ech 25
hcd-ech 325
428
4
hcg-eci 67
dh-eci 4
jac-eci 25
cei-eci 1
429
3
ihi-ecj 19
fbc-ecj 7
gbj-ecj 3
430
7
hbd-eda 3
bdcg-eda 10
dhf-eda 72
dgb-eda 7
bbdb-eda 33
eai-eda 1
igj-eda 4
431
7
gdd-edb 22
iia-edb 4
gec-edb 7
ff-edb 1
eci-edb 1
fb-edb 4
jj-edb 10
432
5
baa-edc 10
ihi-edc 6
ggi-edc 1
dci-edc 1
bhb-edc 1
433
6
cbe-edd 84
dfa-edd 7
ebd-edd 3
gag-edd 6
bdh-edd 22
bai-edd 1
434
4
jbb-ede 31
ffi-ede 21
jh-ede 267
ejb-ede 1
435
6
ci-edf 1
dic-edf 6
hba-edf 37
bdfe-edf 30
bdag-edf 6
fah-edf 3
436
6
jgh-edg 13
ddc-edg 1
ie-edg 4
cde-edg 18
bgd-edg 1
ggd-edg 10
437
5
bbgb-edh 87
cfj-edh 6
hcd-edh 24
beb-edh 9
dah-edh 7
438
9
cfj-edi 1
bjd-edi 3
eja-edi 9
ccg-edi 1
bda-edi 3
egf-edi 10
gah-edi 4
baib-edi 4
gie-edi 9
439
3
cfb-edj 1
egf-edj 289
egj-edj 30
440
4
djh-eea 1
gcc-eea 6
bgj-eea 6
igj-eea 1
441
4
dec-eeb 4
hgh-eeb 13
bab-eeb 3
hei-eeb 7
442
4
cbe-eec 1
bha-eec 6
hci-eec 33
dge-eec 31
443
4
gcd-eed 10
jhc-eed 18
iaa-eed 628
fcg-eed 66
444
3
chb-eee 1
idg-eee 18
fgi-eee 9
445
5
bdcd-eef 7
jad-eef 1
dej-eef 3
bie-eef 3
bdg-eef 52
446
6
dcc-eeg 3
chg-eeg 1
bfc-eeg 10
cfe-eeg 3
dji-eeg 6
badg-eeg 3
447
3
fbd-eeh 3
bcc-eeh 1
gbb-eeh 9
448
5
ejc-eei 1
beed-eei 415
fii-eei 7
bih-eei 19
haj-eei 3
449
4
bbif-eej 15
bcag-eej 13
bcih-eej 51
chc-eej 1
450
7
bccg-efa 18
egc-efa 1
jia-efa 39
ii-efa 1
dhd-efa 1
cbb-efa 1
hch-efa 36
451
3
eib-efb 3
bbgj-efb 3
ehc-efb 15
452
4
bhh-efc 6
hd-efc 1
ehd-efc 21
fdg-efc 6
453
4
igj-efd 1
bbc-efd 1
iac-efd 6
fei-efd 192
454
2
bcdb-efe 519
ija-efe 10
455
5
jge-eff 52
fff-eff 10
bbed-eff 4
bjf-eff 379
hgf-eff 24
456
5
daf-efg 1
fii-efg 6
bbj-efg 12
bcad-efg 207
iib-efg 201
457
7
ded-efh 52
igc-efh 24
ibb-efh 3
bbeg-efh 4
iic-efh 61
dci-efh 4
fde-efh 1
458
3
eed-efi 7
eec-efi 16
icc-efi 3
459
6
fje-efj 1
bbca-efj 10
efe-efj 4
fhc-efj 4
gde-efj 4
bbfa-efj 12
460
8
cgd-ega 1
bja-ega 162
jca-ega 33
icf-ega 1
feh-ega 10
bac-ega 24
bbac-ega 1
cbg-ega 6
461
6
cdg-egb 3
bcdf-egb 121
efi-egb 3
jg-egb 7
hic-egb 34
fdb-egb 3
462
2
ddc-egc 4
ccj-egc 1
463
4
cfa-egd 163
ebd-egd 1
bbf-egd 1
bdhg-egd 13
464
6
dbb-ege 3
bg-ege 1
ifi-ege 10
dib-ege 3
fdb-ege 4
ecb-ege 7
465
4
fge-egf 67
ifd-egf 157
eae-egf 121
cha-egf 1
466
5
eaj-egg 21
ed-egg 1
die-egg 6
jia-egg 10
idd-egg 31
467
3
gah-egh 1
iid-egh 15
cii-egh 1
468
4
efa-egi 3
hef-egi 7
cdi-egi 3
ghc-egi 1
469
6
ibi-egj 3
baih-egj 24
ij-egj 1
dbi-egj 13
jdg-egj 58
jj-egj 10
470
6
fgd-eha 3
bcbi-eha 1
bbi-eha 4
eid-eha 1
cgh-eha 478
bjj-eha 1
471
4
bfc-ehb 4
hib-ehb 162
bj-ehb 1
fei-ehb 3
472
2
iad-ehc 46
cdh-ehc 12
473
4
hjj-ehd 13
hcb-ehd 451
bffb-ehd 31
dfd-ehd 1
474
4
hje-ehe 9
bebj-ehe 15
di-ehe 3
ibh-ehe 73
475
5
cac-ehf 3
jgj-ehf 4
fag-ehf 4
hgh-ehf 4
caa-ehf 1
476
5
ddb-ehg 1
bdgh-ehg 25
cgg-ehg 1
edf-ehg 55
hda-ehg 30
477
5
had-ehh 1
ecf-ehh 40
dcc-ehh 1
dad-ehh 4
gcc-ehh 4
478
3
fef-ehi 4
jfd-ehi 138
bbeg-ehi 19
479
4
hbj-ehj 7
eci-ehj 12
baeh-ehj 1
bcgj-ehj 21
480
5
efb-eia 1
efc-eia 3
ddb-eia 4
bfa-eia 4
cjj-eia 3
481
4
bcji-eib 3
dg-eib 3
bbbe-eib 100
iih-eib 261
482
5
fhi-eic 6
bfef-eic 75
bdfb-eic 118
ebb-eic 1
befh-eic 1
483
6
bfhj-eid 16
hc-eid 4
bddi-eid 4
bdg-eid 10
fbg-eid 1
ejg-eid 1
484
5
gcf-eie 3
baf-eie 3
ffj-eie 19
bbaf-eie 1
gbb-eie 28
485
4
hac-eif 1
daa-eif 3
fdf-eif 10
djj-eif 1
486
4
fdf-eig 4
ede-eig 3
bfeh-eig 13
edi-eig 7
487
5
ifi-eih 6
daa-eih 3
cag-eih 4
jc-eih 1
efh-eih 3
488
4
bfdi-eii 55
bgb-eii 6
fij-eii 1
cfd-eii 4
489
5
dfg-eij 9
dcc-eij 15
jae-eij 28
bje-eij 1
ief-eij 7
490
3
hej-eja 15
babi-eja 219
iaj-eja 28
491
3
bhc-ejb 6
cdi-ejb 1
ibd-ejb 30
492
6
eia-ejc 7
gji-ejc 6
ggd-ejc 42
hgb-ejc 16
daj-ejc 13
bcbe-ejc 85
493
2
iic-ejd 3
ige-ejd 87
494
6
ege-eje 6
iei-eje 19
bfj-eje 10
gic-eje 6
cif-eje 7
ebj-eje 12
495
3
ecf-ejf 1
bfja-ejf 28
bgb-ejf 4
496
4
chd-ejg 66
ghb-ejg 9
eb-ejg 9
feg-ejg 201
497
4
iaa-ejh 1
bbi-ejh 1
idi-ejh 1
egb-ejh 3
498
5
cdd-eji 6
cgh-eji 6
hfb-eji 10
d-eji 9
dih-eji 3
499
2
chf-ejj 49
hif-ejj 6
500
5
bbba-faa 28
dhg-faa 4
ice-faa 10
dfb-faa 1
deg-faa 6
501
2
dbf-fab 3
dda-fab 1
502
5
hbc-fac 28
hdh-fac 9
cbi-fac 6
bbii-fac 54
cbh-fac 3
503
6
dih-fad 1
fgd-fad 30
cfh-fad 1
iej-fad 37
baei-fad 153
bdjg-fad 28
504
4
fej-fae 1
bdia-fae 87
fje-fae 3
baba-fae 109
505
3
ice-faf 1
hid-faf 6
bcja-faf 7
506
5
hcd-fag 12
bahb-fag 10
jif-fag 1
dbf-fag 369
ggd-fag 3
507
2
jbj-fah 4
bjf-fah 1
508
5
fdh-fai 25
bcj-fai 1
eff-fai 1
badj-fai 6
gdj-fai 1
509
6
bhe-faj 18
ghi-faj 1
ga-faj 3
iii-faj 3
ggb-faj 15
fgi-faj 1
510
4
cdi-fba 6
bge-fba 1
bbdb-fba 259
dii-fba 9
511
5
jih-fbb 4
fid-fbb 4
geh-fbb 1
jgi-fbb 43
fic-fbb 1
512
4
fej-fbc 4
eeg-fbc 6
baag-fbc 6
ejh-fbc 4
513
5
jhc-fbd 22
bih-fbd 13
hej-fbd 13
ejj-fbd 1
eai-fbd 3
514
3
bceh-fbe 34
bajc-fbe 3
fgi-fbe 3
515
1
jbh-fbf 18
516
2
edb-fbg 7
dff-fbg 3
517
6
hca-fbh 3
fgb-fbh 4
bcjg-fbh 6
fdh-fbh 13
bc-fbh 9
ib-fbh 1
518
5
eah-fbi 3
bjb-fbi 18
ebf-fbi 9
dcc-fbi 1
cfg-fbi 3
519
6
fch-fbj 7
fdc-fbj 3
hb-fbj 4
hdc-fbj 165
beig-fbj 9
ieg-fbj 4
520
5
gaj-fca 24
jib-fca 6
bcie-fca 1
dce-fca 3
bccg-fca 22
521
5
bhb-fcb 4
fij-fcb 1
h-fcb 3
bcdf-fcb 93
hbb-fcb 13
522
4
gic-fcc 16
bfca-fcc 144
gbd-fcc 18
fjh-fcc 9
523
4
ghf-fcd 3
cba-fcd 141
hib-fcd 3
cae-fcd 3
524
3
baec-fce 114
gjh-fce 3
gia-fce 28
525
7
ehe-fcf 63
ebi-fcf 12
baib-fcf 22
cce-fcf 4
bff-fcf 4
ejd-fcf 1
cgf-fcf 3
526
4
eig-fcg 3
gcc-fcg 63
bbe-fcg 3
bcah-fcg 3
527
8
beaj-fch 6
bcee-fch 13
cjb-fch 1
fcf-fch 6
hfc-fch 1
bfgh-fch 1
ecb-fch 21
eae-fch 21
528
8
fhg-fci 3
dei-fci 4
iba-fci 21
iei-fci 1
dfh-fci 21
bjf-fci 1
dfd-fci 1
bbea-fci 15
529
6
fcg-fcj 1
hge-fcj 7
ffb-fcj 4
egd-fcj 3
ghc-fcj 4
heb-fcj 1
530
6
gca-fda 1
edf-fda 24
bhi-fda 24
bhj-fda 6
bbbd-fda 42
cfd-fda 30
531
5
eha-fdb 360
ccf-fdb 1
def-fdb 40
ffg-fdb 1
bcga-fdb 1
532
6
dhh-fdc 7
bahi-fdc 33
dad-fdc 3
eg-fdc 1
bbjb-fdc 3
cif-fdc 10
533
9
dfb-fdd 4
baif-fdd 1
hid-fdd 18
eaf-fdd 10
baei-fdd 88
bfha-fdd 15
edd-fdd 67
bei-fdd 7
bfie-fdd 3
534
3
egb-fde 4
fih-fde 1
jj-fde 4
535
6
gdc-fdf 19
fbj-fdf 4
fdg-fdf 16
ibe-fdf 112
bade-fdf 3
cgg-fdf 9
536
5
gbh-fdg 6
gje-fdg 4
bach-fdg 33
bhi-fdg 3
bdhg-fdg 15
537
7
gf-fdh 1
bcjh-fdh 3
cdc-fdh 7
deb-fdh 64
ffa-fdh 15
cjd-fdh 7
hjd-fdh 4
538
2
jii-fdi 54
bh-fdi 1
539
2
bdfh-fdj 124
hbh-fdj 16
540
5
bdcd-fea 49
bbia-fea 46
ee-fea 1
bceb-fea 15
caf-fea 1
541
6
cid-feb 1
dfh-feb 25
ih-feb 1
ieb-feb 94
hgh-feb 3
ibd-feb 21
542
3
bfij-fec 36
ffe-fec 4
bfcg-fec 274
543
5
eac-fed 1
hdi-fed 34
bbhb-fed 22
fjd-fed 1
fdh-fed 3
544
5
ihf-fee 19
fff-fee 7
be-fee 3
bbaa-fee 30
ecb-fee 19
545
5
bfdg-fef 435
bbfh-fef 19
dfe-fef 10
bdad-fef 1
je-fef 81
546
6
ijc-feg 1
bd-feg 4
bi-feg 4
bcgj-feg 7
hgh-feg 192
ihh-feg 1
547
5
djg-feh 33
bbdc-feh 1
bch-feh 3
hei-feh 7
chc-feh 1
548
6
begd-fei 180
eeg-fei 18
bcgi-fei 15
ffc-fei 6
fbi-fei 4
dbc-fei 1
549
4
gcg-fej 6
hhe-fej 4
eji-fej 1
dfe-fej 6
550
5
bfef-ffa 82
df-ffa 1
dce-ffa 1
idb-ffa 22
gch-ffa 42
551
7
cfd-ffb 6
dab-ffb 40
gda-ffb 1
ica-ffb 21
i-ffb 4
cbd-ffb 1
jfe-ffb 7
552
4
bgc-ffc 9
hbb-ffc 37
ejg-ffc 1
bdj-ffc 3
553
3
jaf-ffd 1
dij-ffd 36
eia-ffd 3
554
2
baba-ffe 6
hdc-ffe 19
555
7
edi-fff 6
baj-fff 10
fgj-fff 4
jbf-fff 10
chc-fff 1
baae-fff 19
hfd-fff 22
556
1
ffi-ffg 4
557
2
e-ffh 28
fja-ffh 1
558
5
bcdd-ffi 13
gaj-ffi 3
fed-ffi 1
cdj-ffi 9
cif-ffi 6
559
4
gih-ffj 6
dfd-ffj 6
gfi-ffj 33
baid-ffj 9
560
8
eae-fga 27
bdib-fga 1
ceb-fga 1
bbhg-fga 1
bhe-fga 51
cie-fga 6
gei-fga 13
igi-fga 9
561
3
dba-fgb 15
gff-fgb 384
eei-fgb 7
562
5
cjb-fgc 3
dbd-fgc 6
jad-fgc 1
bagf-fgc 76
dgd-fgc 4
563
6
bie-fgd 1
bfic-fgd 51
bfff-fgd 22
dij-fgd 6
ffa-fgd 6
fb-fgd 3
564
2
ibf-fge 4
gjf-fge 94
565
2
def-fgf 4
ha-fgf 10
566
2
bih-fgg 3
ice-fgg 4
567
3
jjf-fgh 10
dbh-fgh 9
jcf-fgh 27
568
4
dfg-fgi 313
bcbi-fgi 4
hjf-fgi 3
eeh-fgi 9
569
4
bdc-fgj 19
gbh-fgj 1
ghj-fgj 210
egh-fgj 1
570
3
bfi-fha 4
fhc-fha 31
bfig-fha 1
571
6
bfcb-fhb 474
feb-fhb 6
beaa-fhb 6
beeb-fhb 127
hfe-fhb 1
bajf-fhb 1
572
6
cba-fhc 1
bbi-fhc 33
ijj-fhc 7
bfed-fhc 484
hch-fhc 7
bgea-fhc 24
573
4
dea-fhd 3
cih-fhd 13
hic-fhd 10
dgi-fhd 3
574
5
ebh-fhe 15
hci-fhe 12
jbe-fhe 4
dic-fhe 3
gge-fhe 4
575
2
gad-fhf 9
ffb-fhf 3
576
4
da-fhg 4
jbb-fhg 1
bbfh-fhg 30
fjc-fhg 16
577
1
cba-fhh 3
578
4
bja-fhi 148
jcb-fhi 49
bcgj-fhi 24
idd-fhi 1
579
5
gaj-fhj 3
bgde-fhj 4
ii-fhj 9
fag-fhj 12
fgf-fhj 1
580
4
gcc-fia 67
bb-fia 1
cdd-fia 1
hga-fia 12
581
3
gjb-fib 3
fgb-fib 25
bag-fib 3
582
6
hgg-fic 4
cif-fic 1
ijd-fic 3
ifh-fic 1
cea-fic 49
bgaj-fic 97
583
6
cdd-fid 1
gif-fid 13
hh-fid 9
bbaa-fid 402
fh-fid 1
cih-fid 51
584
3
efe-fie 31
bccf-fie 19
ffb-fie 1
585
4
gge-fif 48
bfcg-fif 15
ibj-fif 7
bbc-fif 1
586
6
bjc-fig 1
eib-fig 25
ejg-fig 9
bfj-fig 6
gfa-fig 1
dec-fig 10
587
3
ed-fih 1
id-fih 4
bcc-fih 1
588
4
gde-fii 13
bcfh-fii 7
haf-fii 6
bagb-fii 18
589
3
ebj-fij 9
fdf-fij 3
bdfi-fij 3
590
3
edj-fja 54
cih-fja 1
bhf-fja 1
591
9
caa-fjb 10
gef-fjb 67
gcg-fjb 4
bggb-fjb 12
cja-fjb 1
hae-fjb 102
egg-fjb 1
hc-fjb 3
cij-fjb 7
592
5
bcff-fjc 9
baee-fjc 3
cie-fjc 459
hdf-fjc 46
dbg-fjc 9
593
2
ecc-fjd 1
cif-fjd 6
594
4
bbac-fje 10
fba-fje 9
hdj-fje 1
hci-fje 10
595
3
jhf-fjf 3
fhc-fjf 4
bahg-fjf 4
596
2
bcfe-fjg 12
bhg-fjg 1
597
6
g-fjh 4
ei-fjh 1
ddd-fjh 1
baij-fjh 10
fdf-fjh 1
babb-fjh 1
598
9
bgb-fji 1
iga-fji 19
cdf-fji 6
bddi-fji 4
fij-fji 6
ejc-fji 6
ehf-fji 3
hh-fji 1
jbi-fji 27
599
3
bbg-fjj 16
gj-fjj 4
ddi-fjj 6
600
4
gie-gaa 1
gbb-gaa 10
gjf-gaa 1
bacj-gaa 442
601
3
ca-gab 4
gdh-gab 507
ejg-gab 1
602
1
cca-gac 3
603
6
jjh-gad 16
bf-gad 12
bjc-gad 7
bdfe-gad 147
hij-gad 78
cdf-gad 1
604
7
hca-gae 6
bd-gae 4
bfi-gae 16
eig-gae 1
ghc-gae 6
jci-gae 3
ceb-gae 1
605
1
bjh-gaf 1
606
5
jij-gag 4
bahg-gag 3
bcba-gag 1
dff-gag 1
dgc-gag 4
607
5
cdd-gah 4
cjc-gah 3
iaf-gah 33
fac-gah 7
ici-gah 3
608
2
gff-gai 3
daa-gai 1
609
4
iae-gaj 1
bcde-gaj 57
ccf-gaj 1
di-gaj 336
610
5
bbib-gba 100
fdi-gba 13
hgc-gba 7
bbge-gba 148
gcb-gba 1
611
6
cgb-gbb 13
efh-gbb 1
eja-gbb 43
dhf-gbb 19
bfjj-gbb 24
becb-gbb 3
612
6
bej-gbc 1
bbh-gbc 3
baab-gbc 39
hb-gbc 6
bbhc-gbc 7
ga-gbc 1
613
4
bbcd-gbd 22
fcb-gbd 22
cg-gbd 4
gca-gbd 3
614
1
bgfd-gbe 436
615
4
fgd-gbf 13
ccj-gbf 15
bdcf-gbf 13
bbeh-gbf 7
616
4
hhb-gbg 7
bbcb-gbg 10
dga-gbg 6
dhh-gbg 28
617
3
ejj-gbh 1
dje-gbh 4
ff-gbh 34
618
7
bacg-gbi 9
cfd-gbi 1
dib-gbi 1
ifc-gbi 40
ej-gbi 6
bbeh-gbi 36
dbi-gbi 7
619
4
gch-gbj 18
jej-gbj 9
bbfi-gbj 124
eaa-gbj 6
620
7
jig-gca 1
iid-gca 1
bbfc-gca 1
haj-gca 6
gfd-gca 3
hbg-gca 7
ddd-gca 3
621
6
bch-gcb 1
bafh-gcb 6
bbbb-gcb 1
bfbd-gcb 51
jca-gcb 4
cab-gcb 28
622
8
baee-gcc 9
ejb-gcc 4
cdh-gcc 72
iie-gcc 3
gaj-gcc 3
baad-gcc 4
bbii-gcc 6
bafc-gcc 49
623
4
ja-gcd 1
bgbi-gcd 1
egf-gcd 21
bbjd-gcd 3
624
3
fai-gce 4
dhb-gce 1
bdfi-gce 1
625
3
daf-gcf 3
baii-gcf 9
cgj-gcf 10
626
4
ijg-gcg 24
hgd-gcg 3
chg-gcg 1
cce-gcg 1
627
5
bdc-gch 73
cih-gch 9
eja-gch 3
ffb-gch 1
fjh-gch 4
628
6
igb-gci 82
bga-gci 28
fdc-gci 3
ghh-gci 1
gid-gci 4
cea-gci 36
629
2
ebb-gcj 34
ged-gcj 7
630
2
ihh-gda 33
bdcf-gda 10
631
4
cb-gdb 1
bdci-gdb 9
bbg-gdb 16
eah-gdb 499
632
5
cah-gdc 13
gbe-gdc 9
ifc-gdc 24
babf-gdc 13
igj-gdc 7
633
4
dgb-gdd 6
bcag-gdd 13
hfi-gdd 3
efh-gdd 3
634
5
gba-gde 1
baeb-gde 42
cdd-gde 12
gah-gde 3
hed-gde 1
635
4
bhc-gdf 9
hjh-gdf 6
bchf-gdf 87
gfe-gdf 67
636
5
gfd-gdg 1
bajh-gdg 16
hag-gdg 40
db-gdg 7
bddj-gdg 156
637
4
if-gdh 1
jci-gdh 591
iih-gdh 1
bdfd-gdh 10
638
1
jcc-gdi 6
639
3
cei-gdj 1
gjg-gdj 18
dib-gdj 6
640
5
jh-gea 1
cda-gea 3
edi-gea 10
eaa-gea 9
dea-gea 28
641
5
begg-geb 7
hfa-geb 4
fcb-geb 1
hhd-geb 30
eff-geb 1
642
2
ffc-gec 6
ihd-gec 24
643
1
bdbj-ged 24
644
1
dda-gee 6
645
4
gfh-gef 3
bdgj-gef 16
gij-gef 1
dfi-gef 78
646
4
bfcj-geg 31
cie-geg 15
gaj-geg 7
baaa-geg 4
647
4
gah-geh 3
jg-geh 153
iai-geh 4
bjh-geh 3
648
4
iba-gei 25
eeb-gei 1
daf-gei 51
ffa-gei 12
649
5
hgi-gej 51
gda-gej 3
bge-gej 3
cab-gej 4
fec-gej 28
650
2
bgeg-gfa 22
hbc-gfa 22
651
4
jhj-gfb 433
gfj-gfb 4
bcbi-gfb 6
g-gfb 4
652
4
bche-gfc 6
baha-gfc 9
ccf-gfc 1
bcb-gfc 9
653
3
bdbg-gfd 82
hjb-gfd 4
gch-gfd 33
654
3
hfa-gfe 4
baci-gfe 108
bif-gfe 7
655
7
bga-gff 12
idi-gff 486
egf-gff 21
ehe-gff 34
eci-gff 3
jbi-gff 3
hh-gff 9
656
4
jaj-gfg 1
cef-gfg 1
bahh-gfg 30
chc-gfg 1
657
4
ffb-gfh 4
bi-gfh 1
jaj-gfh 6
iga-gfh 9
658
5
jeh-gfi 1
dbd-gfi 1
ghc-gfi 1
ech-gfi 9
becd-gfi 196
659
1
bdba-gfj 15
660
3
hhe-gga 1
gbc-gga 1
bhe-gga 34
661
4
eae-ggb 24
igf-ggb 1
bee-ggb 9
bej-ggb 1
662
2
id-ggc 9
bgae-ggc 30
663
4
igd-ggd 7
cjh-ggd 3
jhh-ggd 46
djj-ggd 9
664
9
beai-gge 7
gaj-gge 3
ifg-gge 6
beg-gge 4
eeb-gge 1
bfid-gge 13
ehc-gge 13
bdc-gge 18
efd-gge 123
665
5
jfj-ggf 54
ibj-ggf 3
feh-ggf 10
bcdj-ggf 4
hab-ggf 4
666
4
bih-ggg 6
caf-ggg 4
dij-ggg 415
die-ggg 15
667
1
cab-ggh 6
668
3
cbc-ggi 3
cgh-ggi 60
bfc-ggi 18
670
4
gdh-gha 21
bfgj-gha 1
ifc-gha 34
gii-gha 7
671
6
bbfg-ghb 60
bbff-ghb 9
ccg-ghb 1
bgae-ghb 24
idb-ghb 45
bgef-ghb 19
672
8
fhi-ghc 37
efi-ghc 3
fea-ghc 3
beid-ghc 111
cib-ghc 46
bch-ghc 34
begg-ghc 9
jjf-ghc 1
673
3
egj-ghd 69
bae-ghd 6
did-ghd 15
674
3
cji-ghe 7
ggg-ghe 6
ccb-ghe 6
675
1
ggb-ghf 13
676
4
cej-ghg 4
dhh-ghg 3
fdj-ghg 1
fhb-ghg 16
677
3
bacj-ghh 6
fdi-ghh 3
cbc-ghh 36
678
4
hai-ghi 13
cic-ghi 9
bge-ghi 1
daf-ghi 78
679
5
bcbc-ghj 213
hec-ghj 9
fcd-ghj 15
fdb-ghj 3
eig-ghj 4
680
4
ccg-gia 1
ied-gia 9
egg-gia 12
hbf-gia 10
681
3
ehj-gib 1
bbhf-gib 405
cic-gib 6
682
5
dhi-gic 40
fed-gic 7
bbga-gic 3
gge-gic 3
bjc-gic 3
683
2
cjj-gid 241
ddg-gid 4
684
3
ici-gie 13
iih-gie 88
ihe-gie 1
685
5
jea-gif 93
bcig-gif 43
hge-gif 298
gdf-gif 1
bcdi-gif 13
686
4
ijf-gig 3
cec-gig 1
gj-gig 1
bbe-gig 1
687
5
fic-gih 4
bbfb-gih 4
die-gih 40
badc-gih 160
baai-gih 6
688
3
baab-gii 43
cgf-gii 1
ib-gii 12
689
5
ehh-gij 9
bei-gij 21
fgh-gij 4
ibd-gij 37
ehf-gij 10
690
2
ecd-gja 22
bajc-gja 3
691
1
ebc-gjb 3
692
5
ca-gjc 3
gbe-gjc 297
behb-gjc 249
hg-gjc 12
hji-gjc 165
693
1
gad-gjd 7
694
4
b-gje 4
bhc-gje 54
bbdf-gje 19
eca-gje 6
695
3
hdh-gjf 28
dig-gjf 64
ieg-gjf 106
696
6
bdda-gjg 46
bfb-gjg 16
behg-gjg 60
dci-gjg 1
egg-gjg 18
bbic-gjg 28
697
3
cbg-gjh 135
cje-gjh 3
dfd-gjh 18
698
2
ghe-gji 3
bbgf-gji 1
699
4
fbi-gjj 1
iii-gjj 19
cg-gjj 1
hhe-gjj 4
700
4
dg-haa 7
bcea-haa 43
bjj-haa 21
dbe-haa 9
701
3
fij-hab 7
gc-hab 7
bcfg-hab 13
702
4
bcbg-hac 6
eif-hac 1
gdb-hac 10
gid-hac 1
703
1
iec-had 13
704
6
hea-hae 57
chi-hae 147
fac-hae 1
ije-hae 13
idb-hae 30
bbic-hae 214
705
5
gic-haf 3
cdd-haf 3
jda-haf 810
jji-haf 4
bbcd-haf 4
706
6
dfg-hag 4
ecj-hag 7
bcgb-hag 15
dic-hag 10
hje-hag 64
beje-hag 6
707
4
ghg-hah 1
efj-hah 33
fda-hah 100
dcd-hah 1
708
3
bce-hai 6
bfh-hai 1
hfh-hai 22
709
1
bdjj-haj 264
710
3
bdbi-hba 42
gee-hba 1
bega-hba 18
711
4
eee-hbb 6
fac-hbb 43
cgj-hbb 9
cfb-hbb 16
712
3
jdg-hbc 39
bdif-hbc 1
ffc-hbc 39
713
6
bcbd-hbd 3
eij-hbd 13
bei-hbd 22
jjf-hbd 3
bdff-hbd 192
iah-hbd 3
714
3
fji-hbe 61
fc-hbe 97
edh-hbe 1
715
3
jf-hbf 6
dga-hbf 3
fcf-hbf 33
716
5
bdjf-hbg 33
gde-hbg 24
egh-hbg 13
jh-hbg 9
ife-hbg 28
717
4
dbj-hbh 4
ci-hbh 85
ifg-hbh 1
babe-hbh 180
718
2
egd-hbi 12
jfh-hbi 27
719
2
bedf-hbj 312
jge-hbj 94
720
7
jid-hca 10
ejj-hca 1
hcf-hca 12
g-hca 1
ead-hca 7
ibe-hca 21
cib-hca 7
721
5
cha-hcb 1
jba-hcb 1
ffe-hcb 12
bahd-hcb 420
bdfa-hcb 13
722
2
iee-hcc 3
cie-hcc 4
723
5
bdhb-hcd 19
ghf-hcd 1
bgi-hcd 78
hhf-hcd 1
jee-hcd 304
724
7
bde-hce 1
gfj-hce 1
bchf-hce 19
ejf-hce 21
dha-hce 3
eab-hce 13
beaf-hce 9
725
5
b-hcf 46
bbae-hcf 22
gad-hcf 168
hhc-hcf 18
cih-hcf 13
726
4
jjg-hcg 4
baed-hcg 46
ja-hcg 27
ibf-hcg 97
727
4
fci-hch 16
ghe-hch 6
jcb-hch 6
gdg-hch 21
728
5
baef-hci 6
geh-hci 24
ggi-hci 58
bdff-hci 24
fbf-hci 9
729
6
bbbg-hcj 1
jd-hcj 3
hdb-hcj 1
ejb-hcj 4
eec-hcj 30
bbgd-hcj 63
730
5
dec-hda 43
ea-hda 3
ffb-hda 33
eda-hda 1
idc-hda 15
731
4
fei-hdb 6
jh-hdb 1
bfhg-hdb 216
bejg-hdb 72
732
6
cbi-hdc 6
befb-hdc 79
jbf-hdc 54
cej-hdc 1
gig-hdc 3
bdac-hdc 51
733
4
bcf-hdd 3
bdg-hdd 55
cih-hdd 3
ejb-hdd 3
734
3
jfh-hde 63
bbjf-hde 22
gdj-hde 1
735
5
bcfg-hdf 4
dci-hdf 21
fad-hdf 3
bbha-hdf 69
gbh-hdf 30
736
3
eba-hdg 3
fjc-hdg 192
dac-hdg 9
737
3
baga-hdh 1
ihb-hdh 15
fec-hdh 30
738
3
beah-hdi 60
bic-hdi 3
iae-hdi 4
739
4
bci-hdj 3
jbj-hdj 4
eci-hdj 21
haa-hdj 42
740
8
jjg-hea 10
jb-hea 1
djb-hea 48
befg-hea 76
cb-hea 4
bcji-hea 9
fdf-hea 30
bdfd-hea 13
741
2
fab-heb 1
icg-heb 13
742
4
bdhc-hec 76
fai-hec 21
bfjg-hec 27
bdda-hec 19
743
3
ffe-hed 9
bcbg-hed 21
bfei-hed 3
744
3
gbf-hee 24
bfhd-hee 60
ijb-hee 1
745
5
bjd-hef 192
gha-hef 3
bge-hef 1
beg-hef 3
bfch-hef 28
746
3
ceb-heg 1
bcdd-heg 27
fid-heg 1
747
4
ed-heh 3
hii-heh 54
ggc-heh 9
dcb-heh 12
748
3
if-hei 16
fad-hei 7
ie-hei 1
749
4
cec-hej 16
gcc-hej 3
bgbd-hej 21
ccd-hej 9
750
5
befe-hfa 6
bdi-hfa 1
dgc-hfa 10
jhg-hfa 3
jga-hfa 1
751
5
icd-hfb 27
egc-hfb 4
beh-hfb 4
bff-hfb 12
gc-hfb 7
752
3
gjh-hfc 21
gab-hfc 4
bcdc-hfc 7
753
4
ddc-hfd 1
eih-hfd 15
bad-hfd 4
bcec-hfd 3
754
4
gac-hfe 3
ejg-hfe 18
bahd-hfe 36
dfb-hfe 1
755
3
bbci-hff 1
hge-hff 3
bacc-hff 3
756
3
gfd-hfg 15
bbac-hfg 376
ij-hfg 1
757
5
bbaj-hfh 6
eci-hfh 1
ibb-hfh 3
ihf-hfh 10
ede-hfh 72
758
3
heb-hfi 1
eci-hfi 25
beih-hfi 538
759
3
jfc-hfj 6
gaa-hfj 24
bfhi-hfj 171
760
2
fdb-hga 12
bbg-hga 61
761
6
bccd-hgb 7
iaj-hgb 4
gcc-hgb 7
hfc-hgb 21
bdf-hgb 6
dfj-hgb 4
762
4
fea-hgc 18
hje-hgc 73
fia-hgc 54
dej-hgc 9
763
2
bedb-hgd 19
bbfa-hgd 27
764
3
efg-hge 28
beff-hge 331
jdc-hge 3
765
4
fea-hgf 13
icd-hgf 27
bafe-hgf 46
bci-hgf 4
766
3
ehf-hgg 6
ddc-hgg 4
baib-hgg 6
767
2
deg-hgh 18
dej-hgh 697
768
4
baja-hgi 136
hah-hgi 1
cdb-hgi 34
baai-hgi 4
769
1
bbjj-hgj 1
770
6
bi-hha 6
baad-hha 13
ihj-hha 63
ii-hha 10
hdd-hha 15
dag-hha 1
771
5
dfa-hhb 7
bbaj-hhb 3
gfa-hhb 12
fj-hhb 1
bbaa-hhb 24
772
3
eia-hhc 1
beff-hhc 91
fhc-hhc 4
773
4
bdec-hhd 30
gaa-hhd 220
ch-hhd 1
bbd-hhd 1
774
5
fcd-hhe 3
eff-hhe 55
dji-hhe 7
bdfa-hhe 10
gja-hhe 6
775
4
bafj-hhf 13
dag-hhf 4
ed-hhf 1
bcf-hhf 13
776
4
dgd-hhg 36
ga-hhg 3
bcd-hhg 3
hbb-hhg 18
777
2
ebd-hhh 3
haa-hhh 4
778
2
dcj-hhi 1
bdci-hhi 52
779
7
hie-hhj 9
idc-hhj 1
cbg-hhj 3
beb-hhj 15
chi-hhj 1
jec-hhj 28
bfag-hhj 91
780
3
bbie-hia 13
jdd-hia 61
dbf-hia 7
781
3
ccc-hib 1
bbi-hib 175
bbfb-hib 12
782
4
dcc-hic 24
chh-hic 3
bgcf-hic 159
dhd-hic 30
783
1
bgdg-hid 28
784
2
bjg-hie 3
bgbb-hie 12
785
3
cii-hif 13
fje-hif 24
ggc-hif 18
786
3
fig-hig 30
che-hig 3
gb-hig 1
787
5
bfg-hih 7
ddh-hih 99
eii-hih 6
bdbe-hih 4
iaf-hih 21
788
4
fej-hii 3
djb-hii 12
jaj-hii 12
cgi-hii 282
789
6
bbbd-hij 4
jff-hij 9
fj-hij 3
bji-hij 48
hag-hij 7
dif-hij 36
790
2
fae-hja 28
gbd-hja 21
791
3
cfh-hjb 292
cbb-hjb 9
bde-hjb 7
792
7
ifd-hjc 3
gaj-hjc 6
hbi-hjc 3
hcc-hjc 6
bfhe-hjc 112
edj-hjc 1
bbfi-hjc 115
793
2
bbd-hjd 4
fef-hjd 540
794
2
fgj-hje 195
bdja-hje 304
795
3
edj-hjf 216
beji-hjf 46
gid-hjf 4
796
7
gci-hjg 6
eda-hjg 6
igd-hjg 1
cfa-hjg 13
jgg-hjg 7
gdj-hjg 6
jdh-hjg 4
797
2
bcg-hjh 3
caj-hjh 7
798
3
bba-hji 3
iac-hji 1
hfj-hji 201
799
7
fe-hjj 3
beea-hjj 1
fgd-hjj 42
gah-hjj 39
bgc-hjj 7
bace-hjj 6
cjf-hjj 3
800
6
dhc-iaa 363
eef-iaa 4
ead-iaa 7
deb-iaa 6
cij-iaa 1
jcg-iaa 295
801
3
cdh-iab 9
ech-iab 211
bdbh-iab 37
802
3
hbi-iac 36
eic-iac 9
hia-iac 10
803
5
jcd-iad 1
dd-iad 1
d-iad 6
cba-iad 4
cgd-iad 34
804
5
cdf-iae 333
bcd-iae 22
cib-iae 1
cjg-iae 1
fjd-iae 3
805
4
jd-iaf 1
ecj-iaf 7
gjf-iaf 88
ejf-iaf 7
806
4
begg-iag 7
bage-iag 400
ejg-iag 15
ihd-iag 16
807
2
dad-iah 13
fei-iah 3
808
4
dje-iai 94
beja-iai 7
jh-iai 1
gf-iai 1
809
3
gbh-iaj 3
gci-iaj 4
bddg-iaj 27
810
5
bbbj-iba 6
bcb-iba 22
bafb-iba 75
ejb-iba 1
bbba-iba 73
811
2
bead-ibb 1
iha-ibb 22
812
2
bbgf-ibc 7
egb-ibc 3
813
2
bdhd-ibd 51
bgcj-ibd 127
814
3
fba-ibe 54
jbe-ibe 1
bbcc-ibe 88
815
3
dih-ibf 36
dje-ibf 22
bffh-ibf 55
816
4
fhg-ibg 39
efj-ibg 3
ceb-ibg 6
bafg-ibg 12
817
3
bahj-ibh 7
eja-ibh 202
babb-ibh 270
818
5
fii-ibi 6
jib-ibi 6
gi-ibi 1
fdi-ibi 39
bjc-ibi 16
819
4
bbcd-ibj 24
hae-ibj 7
dfd-ibj 54
bbdb-ibj 30
820
5
edc-ica 3
dgi-ica 15
becf-ica 31
jde-ica 1
bcfh-ica 6
821
3
hfi-icb 510
fhj-icb 10
fib-icb 9
822
2
edb-icc 3
fdh-icc 3
823
5
jaj-icd 69
hj-icd 94
eig-icd 1
jaa-icd 10
hcd-icd 21
824
3
jfh-ice 12
hgi-ice 7
ehd-ice 367
825
4
fce-icf 96
cih-icf 15
dbb-icf 22
bcha-icf 6
826
3
bjj-icg 378
gcg-icg 19
bcdi-icg 81
827
2
djd-ich 1
beei-ich 25
828
3
dfa-ici 13
jc-ici 418
cj-ici 16
829
2
hbe-icj 3
jie-icj 33
830
5
ehj-ida 1
bcfd-ida 88
hee-ida 6
jbh-ida 1
bhf-ida 1
831
7
fce-idb 15
jcb-idb 1
bach-idb 28
bfjd-idb 4
cii-idb 6
ghi-idb 33
cdh-idb 6
832
3
djj-idc 3
gjg-idc 153
iij-idc 9
833
4
fih-idd 6
fj-idd 9
bfda-idd 82
bbah-idd 16
834
1
fgc-ide 1
835
5
dh-idf 43
bajg-idf 1
dii-idf 28
jhi-idf 4
efa-idf 25
836
4
dhd-idg 88
ic-idg 1
bagf-idg 3
bfi-idg 16
837
3
bad-idh 1
gdg-idh 1
hhg-idh 1
838
5
baeh-idi 3
ech-idi 126
bbdd-idi 30
bgfa-idi 352
hhc-idi 9
839
3
bcc-idj 45
bgf-idj 1
fdj-idj 40
840
4
eeb-iea 3
bebf-iea 412
chb-iea 4
bij-iea 24
841
3
bbie-ieb 18
bdaj-ieb 3
fhb-ieb 73
842
5
hfg-iec 354
fgf-iec 1
bbca-iec 10
hfh-iec 3
iff-iec 6
843
4
hhb-ied 10
bche-ied 7
bbid-ied 75
jac-ied 63
844
3
efc-iee 12
baje-iee 12
bdcd-iee 4
845
4
bbah-ief 48
ea-ief 7
bfc-ief 57
hag-ief 13
846
5
ebg-ieg 3
idd-ieg 76
ffh-ieg 24
hcd-ieg 13
fjj-ieg 9
847
4
caj-ieh 6
bge-ieh 4
bchj-ieh 55
bjg-ieh 1
848
6
gdf-iei 1
bcgb-iei 12
behf-iei 13
efg-iei 75
hgi-iei 73
dbf-iei 3
849
2
bdi-iej 4
bbh-iej 375
850
5
hcf-ifa 103
bdih-ifa 1
bdbe-ifa 6
ccc-ifa 45
bbbi-ifa 27
851
3
bagh-ifb 43
dfh-ifb 78
fgh-ifb 3
852
6
fdj-ifc 3
gfa-ifc 10
bchg-ifc 286
cee-ifc 18
ejj-ifc 31
jid-ifc 60
853
4
bbhd-ifd 156
cf-ifd 63
bah-ifd 4
ijh-ifd 3
854
3
bbdj-ife 4
hjf-ife 256
dad-ife 96
855
5
bjb-iff 4
cgi-iff 4
jgf-iff 12
efe-iff 111
fb-iff 6
856
3
be-ifg 67
bgeb-ifg 117
jci-ifg 4
857
4
cid-ifh 42
baga-ifh 10
baai-ifh 12
eif-ifh 1
858
2
badf-ifi 7
bcci-ifi 22
859
1
chb-ifj 1
860
2
ebb-iga 30
gfj-iga 6
861
2
cif-igb 82
gb-igb 3
862
3
eaf-igc 13
bcgi-igc 76
gh-igc 1
863
3
ife-igd 13
ggg-igd 21
hfd-igd 3
864
3
dbi-ige 9
hjc-ige 82
dbj-ige 21
865
1
egi-igf 3
866
1
babd-igg 3
867
1
hag-igh 30
868
3
bbg-igi 10
gag-igi 1
bcbj-igi 12
869
4
dde-igj 16
gih-igj 1
bdie-igj 24
jba-igj 37
870
4
jfa-iha 30
hgf-iha 67
bbfe-iha 10
bcdj-iha 364
871
2
eii-ihb 1
bbcj-ihb 16
872
3
jfd-ihc 3
eba-ihc 3
ehj-ihc 16
873
4
bbdd-ihd 145
fj-ihd 7
bgei-ihd 1
behh-ihd 166
874
3
hdi-ihe 24
hdj-ihe 6
hdg-ihe 42
875
5
bbad-ihf 177
cfb-ihf 4
ijj-ihf 18
eh-ihf 7
bfcc-ihf 15
876
4
bcj-ihg 1
cdj-ihg 21
gbf-ihg 6
gij-ihg 34
877
3
gih-ihh 7
eef-ihh 3
cib-ihh 30
878
5
gjh-ihi 6
bebh-ihi 9
hdb-ihi 3
jg-ihi 1
bdgf-ihi 373
879
2
caf-ihj 112
cef-ihj 36
880
3
fid-iia 22
fgb-iia 379
hfh-iia 9
881
5
cfb-iib 4
bafa-iib 13
baeb-iib 261
id-iib 70
chd-iib 9
882
4
gfa-iic 6
fag-iic 85
jje-iic 84
iie-iic 15
883
4
bfei-iid 1
ffa-iid 16
cej-iid 3
iae-iid 4
884
5
bgc-iie 3
cbb-iie 6
bec-iie 6
jee-iie 19
bejf-iie 22
885
2
hif-iif 15
bbei-iif 21
886
3
hcg-iig 36
ddg-iig 3
hjb-iig 1
887
1
hbj-iih 388
888
1
bbib-iii 18
889
1
baaa-iij 54
890
3
dbj-ija 6
bcfe-ija 3
iaa-ija 6
891
1
ega-ijb 1
892
4
hg-ijc 4
cgi-ijc 7
bbf-ijc 6
bcij-ijc 3
893
3
gdh-ijd 15
beda-ijd 481
hfi-ijd 55
894
4
bef-ije 10
gda-ije 3
beef-ije 111
bbbj-ije 39
895
2
hei-ijf 1
bj-ijf 10
896
2
behi-ijg 159
ig-ijg 6
897
2
bii-ijh 16
hhg-ijh 6
898
1
gd-iji 34
899
2
cff-ijj 7
iaf-ijj 24
900
3
cf-jaa 3
bbjh-jaa 49
jbg-jaa 4
901
3
djh-jab 1
baej-jab 3
gbe-jab 7
902
5
ejj-jac 19
hca-jac 12
ibb-jac 18
bgg-jac 16
ghg-jac 21
903
3
bcij-jad 12
djc-jad 1
dgj-jad 1
904
3
bbih-jae 87
ee-jae 3
cja-jae 9
905
2
bdig-jaf 27
bgd-jaf 7
906
3
cbc-jag 28
bdij-jag 4
cg-jag 16
907
6
bcif-jah 3
bchh-jah 103
cfe-jah 3
baia-jah 93
fie-jah 34
bajg-jah 1
908
5
efa-jai 39
gbj-jai 144
bffi-jai 24
hah-jai 12
bbbg-jai 132
909
2
iic-jaj 13
ebd-jaj 196
910
3
gej-jba 61
cgd-jba 6
bdef-jba 10
911
2
gjc-jbb 15
dhg-jbb 24
912
2
gbg-jbc 30
jca-jbc 130
913
3
bfad-jbd 36
bgh-jbd 13
dij-jbd 25
914
3
bbig-jbe 1
de-jbe 3
fbj-jbe 9
915
5
gfg-jbf 12
cc-jbf 6
bedi-jbf 148
jbe-jbf 1
hai-jbf 10
916
5
baie-jbg 66
ehd-jbg 96
bjd-jbg 1
igc-jbg 1
bdid-jbg 19
917
3
bji-jbh 9
dbd-jbh 88
babf-jbh 85
918
2
hai-jbi 3
bdcc-jbi 294
919
5
ejd-jbj 4
hdc-jbj 4
daa-jbj 3
ieg-jbj 1
jhb-jbj 3
920
4
idf-jca 48
fdh-jca 13
jde-jca 7
jfg-jca 172
921
4
faj-jcb 40
ihh-jcb 6
gae-jcb 36
hhf-jcb 16
922
3
gfb-jcc 54
fej-jcc 7
fjg-jcc 4
923
4
bagh-jcd 6
hgh-jcd 46
ied-jcd 9
jcc-jcd 39
924
1
bafi-jce 12
925
3
djc-jcf 7
igj-jcf 31
ghe-jcf 6
926
3
ggg-jcg 340
cfj-jcg 6
babe-jcg 7
927
1
hhh-jch 1
928
6
fb-jci 4
gih-jci 148
hhe-jci 4
beia-jci 3
bfbf-jci 567
fch-jci 10
930
3
bdig-jda 775
bgdf-jda 33
cjb-jda 3
931
5
jji-jdb 9
jhc-jdb 24
bbaj-jdb 9
cgf-jdb 34
hge-jdb 48
932
3
hbh-jdc 3
gdh-jdc 15
jc-jdc 4
933
3
dic-jdd 30
ffh-jdd 7
dhc-jdd 84
934
6
bie-jde 3
baad-jde 4
bi-jde 192
ha-jde 4
bdgi-jde 6
bcjb-jde 6
936
7
bh-jdg 6
cjh-jdg 7
gea-jdg 21
dhj-jdg 58
ibi-jdg 27
bhb-jdg 21
fbf-jdg 4
937
1
ea-jdh 1
938
1
dfb-jdi 3
939
4
jfj-jdj 18
dhb-jdj 1
eic-jdj 4
ja-jdj 1
940
2
ef-jea 1
ije-jea 90
941
1
jad-jeb 12
942
5
bdfg-jec 6
badg-jec 6
dae-jec 6
bgb-jec 1
ehc-jec 16
943
1
djc-jed 4
944
4
ceg-jee 6
hjb-jee 300
cfg-jee 15
ej-jee 6
945
5
badj-jef 178
beh-jef 6
bbje-jef 97
fad-jef 34
bbfe-jef 4
946
2
baib-jeg 4
bbj-jeg 40
947
3
bgdb-jeh 22
bafe-jeh 4
ddj-jeh 12
948
2
eff-jei 3
jja-jei 1
949
3
ehb-jej 147
fgj-jej 3
dch-jej 144
950
4
fdj-jfa 96
iec-jfa 30
bhe-jfa 52
chb-jfa 13
951
3
bbdb-jfb 10
cge-jfb 6
ebb-jfb 28
952
3
jgb-jfc 361
cgh-jfc 58
egb-jfc 3
953
2
fbd-jfd 48
babc-jfd 136
954
4
egf-jfe 3
c-jfe 64
bcif-jfe 7
bfgb-jfe 459
955
3
bfeb-jff 27
ee-jff 1
egg-jff 37
956
4
ghc-jfg 1
fic-jfg 7
bccb-jfg 87
ega-jfg 76
957
5
bffj-jfh 69
eij-jfh 16
fdf-jfh 97
ddc-jfh 1
gfb-jfh 394
958
4
eib-jfi 4
bbj-jfi 264
dii-jfi 27
befa-jfi 309
959
5
jfa-jfj 9
bdhe-jfj 535
eac-jfj 4
bcc-jfj 16
bcaj-jfj 9
960
5
bfcd-jga 570
fdf-jga 19
bagg-jga 25
bfcf-jga 1
bfab-jga 6
961
1
ecd-jgb 363
962
5
bba-jgc 10
ied-jgc 27
babj-jgc 24
ibd-jgc 81
cfa-jgc 7
963
1
ghb-jgd 3
964
5
bagf-jge 10
bedj-jge 27
gbf-jge 9
bcgj-jge 97
dda-jge 4
965
5
bhg-jgf 7
fjd-jgf 3
i-jgf 72
fbf-jgf 4
hhj-jgf 31
966
3
cfd-jgg 10
heh-jgg 43
bajc-jgg 34
967
2
dfc-jgh 19
jcb-jgh 15
968
2
iae-jgi 346
gjf-jgi 6
970
4
bea-jha 6
ghd-jha 67
jia-jha 91
efh-jha 3
971
1
ejg-jhb 4
972
4
gga-jhc 7
ced-jhc 19
eej-jhc 66
hei-jhc 10
973
2
geb-jhd 30
gba-jhd 228
974
3
jae-jhe 7
jih-jhe 3
bbai-jhe 21
975
4
behe-jhf 135
gid-jhf 1
bajj-jhf 288
fch-jhf 33
976
2
fbi-jhg 16
hde-jhg 81
977
3
gab-jhh 10
gej-jhh 3
bfia-jhh 40
978
3
bcj-jhi 39
fca-jhi 1
bagi-jhi 10
979
1
eei-jhj 433
980
7
baca-jia 3
bded-jia 87
ddg-jia 13
hdd-jia 3
bje-jia 10
baac-jia 13
ecc-jia 15
981
4
iac-jib 27
bab-jib 10
bjf-jib 15
gda-jib 4
982
2
hff-jic 3
igj-jic 22
983
4
bgfj-jid 51
jff-jid 30
cag-jid 7
bdgd-jid 9
984
3
hdb-jie 6
cij-jie 4
baih-jie 24
985
4
bdih-jif 1
dge-jif 18
hah-jif 82
bb-jif 63
986
3
bbe-jig 6
bafi-jig 13
gha-jig 61
987
3
jhi-jih 3
bfa-jih 10
gfi-jih 3
988
4
ihe-jii 1
bjh-jii 1
ddf-jii 75
cei-jii 9
989
2
bah-jij 1
ge-jij 4
990
1
idh-jja 4
991
6
bdi-jjb 6
ieg-jjb 3
cjc-jjb 6
jif-jjb 3
ihg-jjb 1
hja-jjb 18
992
3
jbg-jjc 30
jhg-jjc 18
bcgb-jjc 154
993
1
daj-jjd 9
994
5
badd-jje 10
baig-jje 49
hdd-jje 3
ej-jje 4
bbcg-jje 64
995
2
hja-jjf 28
ccf-jjf 6
996
2
efa-jjg 10
gfc-jjg 21
997
1
geh-jjh 22
998
2
j-jji 1
hef-jji 16
999
3
baea-jjj 13
bcci-jjj 559
edg-jjj 15
1000
1
fgi-baaa 316
1001
5
bbdf-baab 1
ifd-baab 27
efi-baab 7
jeg-baab 45
bc-baab 3
1002
2
hig-baac 12
jbh-baac 70
1003
4
bbbh-baad 78
jcd-baad 19
ceb-baad 268
ehj-baad 19
1004
2
eje-baae 48
dib-baae 4
1005
2
baae-baaf 33
bdej-baaf 4
1006
5
jci-baag 135
fc-baag 3
beja-baag 1
cdc-baag 7
ffj-baag 21
1007
2
jab-baah 1
baef-baah 18
1008
4
bacb-baai 33
baha-baai 60
dgd-baai 7
igj-baai 12
1009
1
ceb-baaj 1
1010
5
jdf-baba 1
dfi-baba 6
haj-baba 3
ehi-baba 97
bbfb-baba 6
1011
3
ggi-babb 18
djh-babb 291
edh-babb 13
1012
5
baif-babc 12
if-babc 25
beag-babc 90
ege-babc 3
jga-babc 7
1013
3
dfe-babd 78
gec-babd 9
bddi-babd 1
1014
4
cjc-babe 1
dbj-babe 4
ije-babe 25
ebj-babe 204
1015
2
ceg-babf 7
begj-babf 184
1016
3
bbdj-babg 1
bdhd-babg 88
beba-babg 123
1017
2
baia-babh 24
cbg-babh 25
1018
3
baij-babi 316
cdb-babi 132
gd-babi 7
1019
3
bbcg-babj 9
fdc-babj 10
bfib-babj 1
1020
1
igh-baca 30
1021
6
heb-bacb 12
jce-bacb 4
bcje-bacb 22
jhb-bacb 1
jg-bacb 24
bgbj-bacb 28
1022
3
hbc-bacc 24
gdb-bacc 478
feg-bacc 9
1023
1
jgf-bacd 6
1024
2
bbcd-bace 13
dhb-bace 10
1025
1
ifd-bacf 4
1026
2
cja-bacg 6
bgdb-bacg 9
1027
3
bih-bach 63
fdd-bach 3
baag-bach 6
1028
2
egi-baci 6
ejc-baci 130
1029
4
ib-bacj 1
bada-bacj 30
ibj-bacj 19
iha-bacj 450
1030
4
hej-bada 18
gdb-bada 28
ecj-bada 7
bbcf-bada 27
1031
3
bddf-badb 18
dcd-badb 9
bdf-badb 55
1032
3
hfg-badc 24
cad-badc 6
ifg-badc 180
1033
3
gh-badd 1
bcac-badd 33
jc-badd 1
1034
1
ega-bade 25
1035
1
fgh-badf 27
1036
2
jhi-badg 7
bbbf-badg 6
1037
2
fhe-badh 1
bbgj-badh 4
1038
2
ghg-badi 3
bbdi-badi 169
1039
4
ijj-badj 6
bbhf-badj 18
ff-badj 6
bjf-badj 181
1040
4
jgg-baea 1
cid-baea 4
he-baea 1
hdd-baea 31
1041
4
iag-baeb 24
fd-baeb 4
bdcj-baeb 264
bbaf-baeb 10
1042
5
bcac-baec 1
ccb-baec 3
hbg-baec 93
jaa-baec 36
jha-baec 168
1043
1
djc-baed 61
1044
1
baeg-baee 48
1045
4
fi-baef 18
gj-baef 1
bdbf-baef 1
efd-baef 4
1046
4
baic-baeg 1
jdc-baeg 19
hhd-baeg 18
bcef-baeg 52
1047
2
dfd-baeh 4
ihg-baeh 1
1048
4
chj-baei 3
bcig-baei 126
bhc-baei 9
bagg-baei 106
1049
4
bdfj-baej 330
bdij-baej 1
bbhh-baej 484
hih-baej 1
1050
5
cff-bafa 4
hgc-bafa 3
jdj-bafa 25
babe-bafa 46
dgj-bafa 51
1051
4
gdg-bafb 172
bcji-bafb 3
bbbd-bafb 64
baah-bafb 18
1052
4
jce-bafc 1
gfg-bafc 6
bbef-bafc 9
hii-bafc 72
1053
2
fei-bafd 1
cfa-bafd 21
1054
3
fdd-bafe 141
dhc-bafe 3
bgf-bafe 3
1055
2
hcj-baff 6
bfif-baff 450
1056
1
fdd-bafg 69
1057
1
jbd-bafh 7
1058
4
chi-bafi 9
bbgf-bafi 1
bhj-bafi 24
bag-bafi 9
1059
3
bcag-bafj 1
hef-bafj 201
gfi-bafj 3
1060
2
ded-baga 7
bbag-baga 69
1061
2
fhb-bagb 480
bcgd-bagb 1
1062
1
gie-bagc 21
1063
3
beg-bagd 4
hgd-bagd 18
ibg-bagd 3
1064
4
babh-bage 4
jfb-bage 40
jhf-bage 451
bbcj-bage 1
1065
2
bgd-bagf 22
bede-bagf 241
1066
5
fcb-bagg 82
baie-bagg 24
hgb-bagg 31
jid-bagg 3
bbgh-bagg 1
1067
6
jbd-bagh 1
cde-bagh 16
cgf-bagh 46
ijg-bagh 21
gje-bagh 46
eab-bagh 12
1068
3
bcac-bagi 37
ehh-bagi 3
ggh-bagi 3
1069
3
bad-bagj 1
jhd-bagj 220
bgj-bagj 1
1070
2
bcgf-baha 64
bgcc-baha 153
1071
2
bgah-bahb 6
cgc-bahb 1
1072
1
hbg-bahc 7
1073
6
behd-bahd 15
dbb-bahd 348
efa-bahd 18
beij-bahd 64
dii-bahd 7
bcgf-bahd 1
1074
1
bcdi-bahe 18
1075
2
bagd-bahf 13
ffi-bahf 4
1076
2
gjc-bahg 708
bgc-bahg 4
1077
4
bahg-bahh 45
bedg-bahh 40
hea-bahh 16
jab-bahh 3
1078
4
hab-bahi 10
ghc-bahi 81
ceh-bahi 7
ia-bahi 4
1079
2
ghi-bahj 4
fbe-bahj 6
1080
3
bgg-baia 114
jif-baia 6
gaf-baia 1
1081
2
iac-baib 21
hih-baib 13
1082
3
iaa-baic 3
babi-baic 1
bcgg-baic 1
1083
2
ib-baid 4
bejd-baid 9
1084
5
iaf-baie 28
efc-baie 18
chg-baie 10
bai-baie 10
bade-baie 21
1085
1
jcb-baif 25
1086
4
hif-baig 30
ihc-baig 7
edd-baig 30
jgh-baig 19
1087
6
bcej-baih 4
gcf-baih 13
becj-baih 46
bcgf-baih 3
bbgd-baih 4
eea-baih 3
1088
2
bbab-baii 31
ffj-baii 9
1089
3
ife-baij 306
bfh-baij 3
bha-baij 45
1090
4
cgg-baja 7
bcfj-baja 79
cdh-baja 46
bif-baja 30
1091
3
bafj-bajb 37
bdfg-bajb 13
ji-bajb 22
1092
3
dhb-bajc 24
bbae-bajc 19
hih-bajc 3
1093
4
bfjc-bajd 12
hha-bajd 55
hhg-bajd 4
edc-bajd 6
1094
4
iej-baje 103
hhe-baje 13
bdab-baje 22
gfi-baje 168
1095
5
bcje-bajf 4
jcd-bajf 18
bbgi-bajf 259
jeb-bajf 4
eca-bajf 1
1096
2
cgf-bajg 3
fi-bajg 3
1097
2
bia-bajh 16
hba-bajh 21
1098
2
baje-baji 295
bhf-baji 1
1099
3
eci-bajj 12
bajf-bajj 285
ejh-bajj 1
1100
3
bcfa-bbaa 448
ghb-bbaa 1
beeg-bbaa 4
1101
2
cde-bbab 3
bbfc-bbab 82
1102
4
dce-bbac 301
bejd-bbac 34
iif-bbac 36
fed-bbac 22
1103
2
bbag-bbad 81
jbh-bbad 94
1104
6
hg-bbae 6
gid-bbae 9
eah-bbae 3
gc-bbae 129
bgba-bbae 12
bcfc-bbae 7
1105
2
eff-bbaf 19
hhg-bbaf 3
1106
1
gff-bbag 162
1107
4
fhe-bbah 25
cja-bbah 39
beci-bbah 46
bfjh-bbah 3
1108
3
bhj-bbai 36
bafj-bbai 1
bdch-bbai 3
1109
1
ich-bbaj 16
1110
5
hde-bbba 3
hdb-bbba 225
cgd-bbba 18
jid-bbba 15
babb-bbba 7
1111
1
hed-bbbb 13
1113
4
icb-bbbd 1
baec-bbbd 55
bgab-bbbd 46
bbh-bbbd 9
1114
3
bccj-bbbe 222
bcc-bbbe 85
dhj-bbbe 57
1115
3
cef-bbbf 4
faj-bbbf 1
gej-bbbf 1
1116
3
baci-bbbg 3
icb-bbbg 55
ief-bbbg 87
1117
2
bagc-bbbh 19
ehg-bbbh 58
1118
2
bac-bbbi 30
gee-bbbi 3
1119
3
big-bbbj 9
bahe-bbbj 15
bgdj-bbbj 39
1120
2
jcc-bbca 19
bdd-bbca 1
1121
6
fbc-bbcb 4
iee-bbcb 15
hih-bbcb 39
jfd-bbcb 39
djj-bbcb 25
ccc-bbcb 1
1122
2
bgf-bbcc 12
hbd-bbcc 193
1123
3
baii-bbcd 33
jjd-bbcd 4
gje-bbcd 28
1124
2
gde-bbce 15
iff-bbce 31
1125
2
fhc-bbcf 490
bbae-bbcf 6
1126
3
fcg-bbcg 6
ccj-bbcg 46
bdid-bbcg 19
1127
1
icb-bbch 22
1128
2
bie-bbci 1
babh-bbci 36
1129
2
bbbb-bbcj 7
hee-bbcj 34
1130
3
bbji-bbda 12
ehh-bbda 6
jde-bbda 207
1131
5
idc-bbdb 132
bbf-bbdb 1
hjj-bbdb 27
bfdj-bbdb 27
ifa-bbdb 150
1132
1
jh-bbdc 1
1133
5
bci-bbdd 141
eii-bbdd 28
beb-bbdd 36
fgh-bbdd 10
gid-bbdd 34
1134
1
jif-bbde 118
1135
3
baed-bbdf 13
gbc-bbdf 4
gbi-bbdf 79
1136
3
bid-bbdg 6
bgdc-bbdg 51
bhc-bbdg 28
1137
3
ghb-bbdh 57
eef-bbdh 3
bcjd-bbdh 21
1138
3
bcba-bbdi 10
hbh-bbdi 118
baee-bbdi 36
1139
1
ghi-bbdj 9
1140
3
cga-bbea 9
dfh-bbea 1
df-bbea 39
1141
5
bbae-bbeb 118
bbde-bbeb 90
ji-bbeb 21
ihd-bbeb 261
bffc-bbeb 9
1142
2
bcie-bbec 163
cai-bbec 1
1143
1
jc-bbed 9
1144
2
bdee-bbee 75
gcj-bbee 4
1145
4
fjf-bbef 9
fjb-bbef 183
badd-bbef 25
ce-bbef 6
1146
3
bgbc-bbeg 10
eca-bbeg 33
bcjg-bbeg 27
1147
2
ghj-bbeh 3
eg-bbeh 45
1148
2
gej-bbei 25
eif-bbei 16
1149
3
bcbb-bbej 223
fci-bbej 51
fja-bbej 52
1150
2
jf-bbfa 1
bacc-bbfa 45
1151
5
bbgg-bbfb 66
bdah-bbfb 18
baji-bbfb 109
fgd-bbfb 3
ghj-bbfb 4
1152
2
ibh-bbfc 138
bfej-bbfc 6
1153
4
bdje-bbfd 6
bdcj-bbfd 34
ebc-bbfd 1
eaa-bbfd 72
1154
2
bbgi-bbfe 70
chg-bbfe 6
1155
6
hg-bbff 16
fcc-bbff 88
dbh-bbff 12
ihi-bbff 40
jig-bbff 1
bdjd-bbff 88
1156
4
bfee-bbfg 315
fea-bbfg 33
eee-bbfg 12
bcjh-bbfg 1
1157
3
gec-bbfh 13
bbjg-bbfh 82
efd-bbfh 1
1158
3
bace-bbfi 3
bfhb-bbfi 76
bbej-bbfi 324
1159
4
ifc-bbfj 306
babh-bbfj 9
cje-bbfj 6
cbc-bbfj 69
1160
2
eji-bbga 22
jbc-bbga 151
1161
4
iic-bbgb 10
hi-bbgb 132
jff-bbgb 13
hgd-bbgb 27
1162
1
bafa-bbgc 45
1163
1
bgag-bbgd 67
1164
4
ihg-bbge 3
eb-bbge 64
ddd-bbge 10
bbff-bbge 70
1165
1
fcj-bbgf 10
1166
4
ca-bbgg 6
bdai-bbgg 37
gfh-bbgg 10
bcde-bbgg 16
1167
1
bbei-bbgh 15
1168
4
bfi-bbgi 16
jgi-bbgi 304
bdgi-bbgi 4
jab-bbgi 1
1169
4
eah-bbgj 42
bejh-bbgj 49
bbcj-bbgj 9
hjc-bbgj 1
1170
2
fbe-bbha 15
begi-bbha 121
1171
2
iec-bbhb 331
djd-bbhb 9
1172
3
bca-bbhc 3
jdi-bbhc 1
cbh-bbhc 30
1173
4
bdb-bbhd 49
bced-bbhd 27
ece-bbhd 9
j-bbhd 70
1174
4
bbgb-bbhe 96
id-bbhe 12
fh-bbhe 3
gfe-bbhe 10
1175
3
baif-bbhf 12
dia-bbhf 402
bfec-bbhf 9
1177
2
bcjf-bbhh 36
beee-bbhh 448
1178
2
hgi-bbhi 45
bfge-bbhi 6
1179
1
c-bbhj 1
1180
3
ei-bbia 31
edb-bbia 33
ij-bbia 12
1181
1
bdi-bbib 118
1182
2
iab-bbic 238
befc-bbic 7
1183
1
bbdd-bbid 75
1184
3
def-bbie 31
dee-bbie 15
bbhj-bbie 3
1185
2
dcj-bbif 67
bij-bbif 9
1186
1
cig-bbig 3
1187
2
bfd-bbih 9
gc-bbih 81
1188
2
jhc-bbii 4
bfgf-bbii 390
1189
3
beci-bbij 4
bbdf-bbij 58
cdd-bbij 1
1190
2
bacb-bbja 58
fec-bbja 249
1191
2
gje-bbjb 1
ffj-bbjb 4
1192
3
bhc-bbjc 1
bbha-bbjc 1
ii-bbjc 25
1193
1
jig-bbjd 6
1194
1
cbd-bbje 99
1195
4
fcj-bbjf 7
haj-bbjf 250
dji-bbjf 3
jbg-bbjf 94
1196
3
bbfe-bbjg 54
hjb-bbjg 3
bagj-bbjg 226
1197
2
bcjb-bbjh 51
jih-bbjh 9
1198
3
hhi-bbji 28
ijh-bbji 19
bch-bbji 21
1199
1
cig-bbjj 3
1200
2
bbie-bcaa 10
bgb-bcaa 85
1201
4
jjj-bcab 3
dfi-bcab 3
gce-bcab 6
bchi-bcab 4
1202
3
hac-bcac 13
fa-bcac 52
had-bcac 6
1203
3
hcd-bcad 1
bgcb-bcad 141
bdf-bcad 64
1204
2
bdaj-bcae 19
ibg-bcae 55
1205
3
jh-bcaf 1
bbha-bcaf 67
bcda-bcaf 207
1206
2
bgch-bcag 96
babb-bcag 7
1207
1
eed-bcah 682
1208
1
bbcj-bcai 16
1209
1
bbji-bcaj 57
1210
2
ejb-bcba 6
gfc-bcba 3
1211
3
hag-bcbb 15
die-bcbb 117
bdbj-bcbb 91
1212
5
bafj-bcbc 154
bcij-bcbc 10
dbe-bcbc 34
bbai-bcbc 13
ef-bcbc 13
1213
1
baca-bcbd 4
1214
2
gda-bcbe 30
bdd-bcbe 54
1215
2
igc-bcbf 9
bged-bcbf 12
1216
3
dbh-bcbg 9
iea-bcbg 108
behc-bcbg 19
1217
1
bhg-bcbh 1
1218
3
jdd-bcbi 25
bfcf-bcbi 4
jcf-bcbi 6
1219
3
hjj-bcbj 7
bcch-bcbj 1
hgc-bcbj 3
1220
4
fb-bcca 7
bdhj-bcca 7
jfe-bcca 478
behj-bcca 9
1221
3
bcag-bccb 1
cid-bccb 54
egb-bccb 43
1222
1
edj-bccc 1
1223
3
bfed-bccd 202
behg-bccd 94
ced-bccd 12
1224
2
iib-bcce 9
eci-bcce 19
1225
2
bfhd-bccf 288
bajb-bccf 21
1226
2
badf-bccg 13
begg-bccg 46
1227
1
hjg-bcch 6
1228
2
bcae-bcci 43
hjd-bcci 538
1229
6
cfg-bccj 40
bg-bccj 13
dci-bccj 6
gbe-bccj 117
bdeb-bccj 1
hci-bccj 54
1230
3
dh-bcda 162
beii-bcda 6
ijd-bcda 48
1231
3
bbeb-bcdb 499
baci-bcdb 25
bddd-bcdb 7
1232
4
bcj-bcdc 22
bfga-bcdc 4
bccd-bcdc 228
ghb-bcdc 3
1233
3
bagh-bcdd 87
bdid-bcdd 27
bbfh-bcdd 21
1234
5
baji-bcde 24
bcha-bcde 6
beje-bcde 27
gic-bcde 9
cba-bcde 9
1235
1
bbef-bcdf 213
1236
3
hjc-bcdg 160
jje-bcdg 37
chc-bcdg 54
1237
2
bchf-bcdh 6
faf-bcdh 15
1238
3
becb-bcdi 3
hee-bcdi 40
cfg-bcdi 69
1239
1
fdb-bcdj 382
1240
1
becb-bcea 54
1241
2
idj-bceb 16
bfcf-bceb 1
1242
1
dgj-bcec 3
1243
1
bcjd-bced 30
1244
6
bdca-bcee 1
bdja-bcee 9
gdf-bcee 3
ejh-bcee 3
iai-bcee 6
ffd-bcee 6
1245
2
fbb-bcef 6
fbj-bcef 90
1246
1
cca-bceg 6
1247
4
bge-bceh 1
bbdf-bceh 16
fab-bceh 3
bdae-bceh 22
1248
1
bci-bcei 12
1249
3
ef-bcej 1
gif-bcej 4
jfh-bcej 12
1250
2
djh-bcfa 13
jfh-bcfa 433
1252
2
cig-bcfc 9
jbj-bcfc 1
1253
3
idg-bcfd 81
beie-bcfd 3
jeh-bcfd 3
1254
1
jh-bcfe 13
1255
4
ddd-bcff 9
begg-bcff 79
hfh-bcff 27
iie-bcff 25
1256
2
fjj-bcfg 16
bcje-bcfg 1
1257
1
egd-bcfh 13
1258
1
ihe-bcfi 33
1259
4
cig-bcfj 6
ibc-bcfj 7
bchb-bcfj 133
jii-bcfj 1
1260
1
ghc-bcga 6
1261
2
eai-bcgb 133
jae-bcgb 49
1262
2
beih-bcgc 33
bahc-bcgc 3
1263
1
gba-bcgd 1
1264
3
bddi-bcge 3
baih-bcge 25
bgh-bcge 7
1265
1
bbga-bcgf 70
1266
2
bfhf-bcgg 475
beej-bcgg 3
1267
2
cbj-bcgh 6
bdjg-bcgh 40
1268
4
hce-bcgi 46
bfh-bcgi 4
fca-bcgi 49
bge-bcgi 16
1269
3
beae-bcgj 78
bdbg-bcgj 49
bfci-bcgj 24
1270
2
deh-bcha 10
dgg-bcha 3
1271
2
hhd-bchb 18
bdfj-bchb 117
1272
2
cej-bchc 60
bdb-bchc 6
1273
2
jbd-bchd 63
bdaf-bchd 57
1274
2
gcd-bche 12
becg-bche 12
1275
2
hdj-bchf 19
bfag-bchf 105
1276
4
hhj-bchg 45
bebi-bchg 169
idc-bchg 10
hga-bchg 60
1277
5
bcjj-bchh 57
bbij-bchh 19
bcjb-bchh 7
cjb-bchh 4
hhi-bchh 15
1278
2
ifh-bchi 10
bcdj-bchi 13
1279
1
jcd-bchj 55
1280
5
bgec-bcia 28
hhg-bcia 3
hid-bcia 3
baid-bcia 3
ibc-bcia 1
1281
4
bfgd-bcib 58
bdcc-bcib 1
bje-bcib 57
dde-bcib 18
1283
1
bede-bcid 1
1284
3
bebd-bcie 1
bbgh-bcie 13
eic-bcie 180
1285
2
jhh-bcif 3
bdjb-bcif 9
1286
1
fae-bcig 169
1287
1
cae-bcih 69
1288
3
bafh-bcii 4
cga-bcii 15
jeh-bcii 21
1289
1
ebd-bcij 27
1290
3
ica-bcja 19
bbfi-bcja 87
hhd-bcja 150
1291
2
dba-bcjb 43
bcaa-bcjb 22
1292
2
bbaf-bcjc 10
bbdg-bcjc 10
1293
1
hdf-bcjd 66
1294
1
bbfh-bcje 28
1295
4
fda-bcjf 1
bdjc-bcjf 82
bedc-bcjf 18
dde-bcjf 48
1296
2
jce-bcjg 4
eii-bcjg 30
1297
1
dch-bcjh 3
1298
2
dg-bcji 1
ida-bcji 15
1299
2
bfgi-bcjj 34
fig-bcjj 22
1300
3
gcj-bdaa 16
eba-bdaa 9
edh-bdaa 84
1301
2
bdib-bdab 21
iji-bdab 28
1302
2
gba-bdac 39
cgb-bdac 52
1303
3
dja-bdad 6
ch-bdad 10
jdi-bdad 1
1304
2
bahi-bdae 66
bbif-bdae 61
1305
1
ga-bdaf 57
1306
1
badg-bdag 3
1307
2
ibd-bdah 10
beeg-bdah 6
1308
2
bajh-bdai 12
baij-bdai 25
1309
2
hed-bdaj 16
je-bdaj 15
1310
1
bbch-bdba 22
1311
1
jeh-bdbb 4
1312
1
bcgf-bdbc 3
1314
1
hh-bdbe 16
1315
1
hf-bdbf 1
1316
3
ddc-bdbg 40
bfii-bdbg 49
hdj-bdbg 42
1317
1
jhg-bdbh 67
1318
2
dbc-bdbi 34
bfbc-bdbi 9
1319
4
dhe-bdbj 70
bbci-bdbj 33
gid-bdbj 190
jfa-bdbj 147
1320
1
fej-bdca 3
1321
2
cii-bdcb 21
ibj-bdcb 81
1322
2
bdhf-bdcc 256
iig-bdcc 37
1323
2
bbcb-bdcd 25
bdgd-bdcd 36
1324
1
jfc-bdce 25
1325
1
faa-bdcf 25
1326
1
bce-bdcg 43
1327
2
hgc-bdch 138
cac-bdch 79
1328
2
ci-bdci 15
efh-bdci 58
1329
2
jjc-bdcj 169
feb-bdcj 129
1330
2
bebj-bdda 10
efh-bdda 54
1331
1
bbbg-bddb 4
1333
2
daa-bddd 10
bcbf-bddd 18
1334
2
bid-bdde 3
jif-bdde 19
1335
3
bbcc-bddf 9
bbbg-bddf 6
gig-bddf 1
1336
1
badj-bddg 28
1337
1
bffa-bddh 12
1338
1
fjg-bddi 12
1339
3
bbbe-bddj 262
bcaf-bddj 232
bj-bddj 7
1340
1
dc-bdea 267
1341
2
bdif-bdeb 61
jaf-bdeb 33
1342
4
bfeg-bdec 1
cca-bdec 6
ida-bdec 15
bfaf-bdec 258
1343
2
befd-bded 82
bbbi-bded 6
1344
3
gii-bdee 46
bcie-bdee 21
cgc-bdee 7
1345
2
hbe-bdef 159
bbeg-bdef 19
1346
3
iai-bdeg 4
bgfb-bdeg 9
hdh-bdeg 9
1347
2
ecj-bdeh 3
cfc-bdeh 9
1348
1
bccd-bdei 31
1349
2
jag-bdej 42
bfaa-bdej 33
1350
3
hdb-bdfa 55
bje-bdfa 37
jjf-bdfa 6
1351
2
ijg-bdfb 118
icf-bdfb 1
1352
1
hdc-bdfc 4
1353
2
bec-bdfd 93
efb-bdfd 18
1354
2
bfeg-bdfe 67
gdf-bdfe 108
1355
1
jga-bdff 219
1356
2
bib-bdfg 1
bdic-bdfg 18
1357
2
bege-bdfh 36
bacc-bdfh 87
1358
2
jcf-bdfi 12
becc-bdfi 459
1359
3
cdf-bdfj 1
hae-bdfj 355
bbjf-bdfj 91
1360
4
bafa-bdga 64
begc-bdga 21
ehh-bdga 34
ihf-bdga 126
1361
3
fca-bdgb 4
bead-bdgb 322
hig-bdgb 21
1362
2
bcbd-bdgc 1
eba-bdgc 264
1363
2
gbc-bdgd 42
gga-bdgd 3
1364
1
baej-bdge 808
1365
3
fcc-bdgf 63
bfbe-bdgf 310
gdb-bdgf 1
1366
1
fbh-bdgg 16
1367
2
eea-bdgh 9
ghj-bdgh 18
1368
2
bdjb-bdgi 81
bdj-bdgi 117
1369
2
bgdi-bdgj 12
hhh-bdgj 3
1370
3
daj-bdha 3
behi-bdha 9
gfj-bdha 1
1371
2
haf-bdhb 12
hbh-bdhb 130
1372
2
jei-bdhc 1
bahg-bdhc 655
1373
2
bae-bdhd 31
bcbg-bdhd 108
1374
4
baia-bdhe 4
bagb-bdhe 430
ecc-bdhe 39
jjj-bdhe 61
1375
2
bcdh-bdhf 18
bfae-bdhf 240
1376
1
efd-bdhg 39
1377
1
bdfd-bdhh 87
1378
3
ccf-bdhi 337
hb-bdhi 24
ihe-bdhi 36
1379
1
iah-bdhj 10
1380
2
jgg-bdia 70
bgff-bdia 31
1381
1
bcfi-bdib 25
1382
1
hhg-bdic 18
1383
1
beh-bdid 64
1384
1
igc-bdie 28
1385
2
fgc-bdif 39
f-bdif 24
1386
2
bdge-bdig 795
bajc-bdig 7
1387
1
ijf-bdih 3
1388
2
fbg-bdii 1
cch-bdii 85
1389
1
fbg-bdij 9
1390
2
bdeb-bdja 10
bbhb-bdja 301
1391
1
bchd-bdjb 88
1392
2
ifh-bdjc 33
bfbb-bdjc 51
1393
1
eca-bdjd 90
1394
3
cge-bdje 3
bacj-bdje 31
bbjb-bdje 3
1395
1
jig-bdjf 70
1396
1
bdef-bdjg 70
1397
2
bfdf-bdjh 21
baj-bdjh 3
1398
2
egb-bdji 27
bej-bdji 1
1399
2
cb-bdjj 1
bccf-bdjj 262
1400
2
eeb-beaa 9
bcfj-beaa 10
1401
2
bdde-beab 12
baai-beab 10
1403
2
bib-bead 270
bafg-bead 57
1404
1
bdch-beae 79
1405
1
geb-beaf 7
1406
1
cci-beag 90
1407
3
bche-beah 10
bgfc-beah 43
jie-beah 4
1408
1
ida-beai 66
1409
2
bcea-beaj 7
dea-beaj 105
1410
3
bbf-beba 123
bbcb-beba 57
bfg-beba 15
1411
1
bgf-bebb 4
1412
1
bbah-bebc 10
1413
2
bejj-bebd 24
babc-bebd 1
1414
1
bccd-bebe 46
1415
2
ghb-bebf 37
bbfj-bebf 375
1416
1
idj-bebg 4
1417
2
bbgc-bebh 4
dag-bebh 4
1418
1
fad-bebi 195
1419
1
bbec-bebj 25
1420
2
jjf-beca 13
ddg-beca 6
1421
3
jed-becb 1
bfbj-becb 48
bcg-becb 7
1422
2
haf-becc 412
bcc-becc 46
1423
2
fba-becd 153
bbii-becd 304
1424
1
fii-bece 22
1425
2
hce-becf 24
fed-becf 6
1426
1
bagi-becg 36
1427
1
dfj-bech 3
1428
1
bbgj-beci 76
1429
2
bdbi-becj 6
hec-becj 136
1430
3
bc-beda 15
cbd-beda 214
bfhh-beda 252
1431
1
bebd-bedb 16
1432
2
baic-bedc 3
bfaj-bedc 15
1433
1
ceg-bedd 12
1434
2
hf-bede 18
bbda-bede 225
1435
2
ebh-bedf 310
djf-bedf 1
1436
2
jbg-bedg 40
gfg-bedg 1
1437
2
baha-bedh 112
bgai-bedh 165
1438
2
iib-bedi 148
bfba-bedi 1
1439
1
igd-bedj 28
1441
2
bbee-beeb 33
hcf-beeb 151
1442
1
jba-beec 39
1443
3
dgj-beed 1
bfih-beed 151
becd-beed 262
1444
2
eff-beee 390
hhc-beee 60
1445
2
hhf-beef 13
icf-beef 135
1446
3
he-beeg 46
befc-beeg 6
bdeb-beeg 82
1447
1
bdgc-beeh 210
1448
1
bdcg-beei 25
1449
1
cge-beej 3
1450
2
ebe-befa 33
cbc-befa 276
1451
1
babd-befb 81
1452
1
bchf-befc 10
1453
3
chj-befd 6
iia-befd 55
dci-befd 19
1454
1
fif-befe 7
1455
2
fid-beff 415
hc-beff 9
1456
1
bah-befg 75
1457
1
heh-befh 1
1458
1
bahf-befi 3
1459
1
bdgc-befj 49
1460
1
gca-bega 18
1461
1
iie-begb 12
1462
2
bgad-begc 10
ghf-begc 9
1463
1
bdgi-begd 187
1464
2
babb-bege 24
bdci-bege 12
1465
1
dfc-begf 1
1466
2
bfai-begg 30
ifb-begg 120
1467
1
eac-begh 7
1468
1
cff-begi 120
1469
2
bbfb-begj 178
eef-begj 4
1470
3
bebd-beha 4
hcj-beha 73
cji-beha 19
1471
1
bfdh-behb 249
1472
1
ifa-behc 18
1473
1
eda-behd 10
1474
3
baja-behe 22
bgaa-behe 93
ihd-behe 21
1475
1
hdf-behf 13
1476
1
iei-behg 156
1477
1
bcgg-behh 478
1478
2
bjh-behi 21
bgde-behi 159
1479
3
ihb-behj 1
dcd-behj 3
dbd-behj 4
1480
1
ffd-beia 3
1481
1
bdaj-beib 9
1482
3
dg-beic 132
bbb-beic 16
ec-beic 16
1483
2
bdje-beid 31
iai-beid 82
1484
1
cgc-beie 1
1485
3
hfb-beif 39
cii-beif 15
gab-beif 499
1486
2
bedd-beig 6
baf-beig 3
1487
2
dcc-beih 93
ijd-beih 480
1488
1
cbe-beii 6
1489
2
che-beij 1
bah-beij 66
1490
1
cid-beja 7
1491
1
bace-bejb 12
1493
1
badc-bejd 42
1494
1
baag-beje 33
1495
1
jhi-bejf 22
1496
2
cha-bejg 12
bcag-bejg 60
1497
1
bdaa-bejh 73
1498
2
dcf-beji 31
ifa-beji 13
1499
1
cdg-bejj 39
1500
2
ccd-bfaa 22
bhf-bfaa 10
1501
1
fbi-bfab 4
1503
1
jhc-bfad 33
1504
3
bfah-bfae 114
bai-bfae 9
ecc-bfae 117
1505
2
hbb-bfaf 3
bedh-bfaf 259
1506
2
jai-bfag 178
bdad-bfag 16
1507
1
jbf-bfah 114
1508
1
bcaj-bfai 27
1509
1
bcjd-bfaj 15
1510
1
bdgg-bfba 16
1511
1
hda-bfbb 51
1512
1
ijd-bfbc 18
1513
3
bbjd-bfbd 3
fia-bfbd 28
dcg-bfbd 19
1514
1
behh-bfbe 312
1515
2
efe-bfbf 360
bdga-bfbf 210
1516
1
hih-bfbg 66
1518
1
jjc-bfbi 7
1519
1
beif-bfbj 51
1520
1
ghc-bfca 142
1521
3
gfa-bfcb 10
gaj-bfcb 343
bbba-bfcb 121
1522
1
gga-bfcc 25
1523
3
ggc-bfcd 13
bcdc-bfcd 232
bdbj-bfcd 324
1524
1
jh-bfce 15
1525
1
bca-bfcf 15
1526
3
cjc-bfcg 184
bgdj-bfcg 85
bfgg-bfcg 19
1527
1
bafe-bfch 96
1528
1
fjb-bfci 25
1529
2
dif-bfcj 16
gh-bfcj 13
1530
2
bgce-bfda 1
baai-bfda 79
1531
1
iih-bfdb 37
1532
1
bfbc-bfdc 7
1533
1
bcgh-bfdd 1
1534
1
jgf-bfde 99
1535
1
ddf-bfdf 19
1536
1
bdfi-bfdg 466
1537
1
bdec-bfdh 250
1538
2
ihc-bfdi 7
fgc-bfdi 48
1539
2
bddd-bfdj 22
dgg-bfdj 3
1540
1
jdg-bfea 30
1541
1
ggf-bfeb 76
1542
2
edg-bfec 6
bdge-bfec 6
1543
2
iea-bfed 336
iia-bfed 351
1544
2
dae-bfee 145
fhi-bfee 168
1545
4
bgda-bfef 10
bgaf-bfef 10
faa-bfef 25
ied-bfef 108
1546
1
dfb-bfeg 70
1547
1
fdc-bfeh 18
1548
1
cbf-bfei 4
1549
1
bdia-bfej 7
1550
1
iab-bffa 9
1551
1
bda-bffb 33
1552
1
iai-bffc 7
1553
1
egi-bffd 4
1554
1
jai-bffe 3
1555
1
becg-bfff 24
1556
1
gci-bffg 64
1557
1
ghi-bffh 52
1558
1
ed-bffi 28
1559
1
eda-bffj 67
1560
2
bfj-bfga 1
dcg-bfga 1
1561
2
beif-bfgb 501
bcfj-bfgb 54
1562
1
bdac-bfgc 21
1563
1
ihj-bfgd 75
1564
1
chj-bfge 4
1565
2
eig-bfgf 7
bgga-bfgf 384
1566
1
ec-bfgg 19
1567
1
bbie-bfgh 7
1568
3
bgee-bfgi 3
fea-bfgi 28
bgej-bfgi 271
1570
1
cga-bfha 13
1571
1
bhg-bfhb 76
1572
1
dgd-bfhc 12
1573
1
bdgb-bfhd 349
1574
1
bfi-bfhe 552
1575
2
ded-bfhf 21
jjj-bfhf 453
1576
2
bfhi-bfhg 178
ibi-bfhg 40
1577
1
ibh-bfhh 252
1578
1
ice-bfhi 348
1579
2
gih-bfhj 4
bejj-bfhj 13
1580
1
df-bfia 42
1581
1
bdca-bfib 1
1582
2
bgfg-bfic 22
igc-bfic 28
1583
1
hfa-bfid 12
1584
1
ceh-bfie 3
1585
2
caa-bfif 9
dfi-bfif 441
1587
1
cif-bfih 150
1588
2
hjg-bfii 37
edc-bfii 10
1589
1
gih-bfij 36
1590
1
bie-bfja 25
1591
1
icj-bfjb 34
1592
1
bej-bfjc 42
1593
1
bajd-bfjd 15
1594
1
bfba-bfje 12
1595
1
cdg-bfjf 174
1596
1
bdej-bfjg 69
1597
1
bcga-bfjh 1
1598
1
bebd-bfji 3
1599
1
hhg-bfjj 24
1600
1
bcdd-bgaa 93
1601
1
fga-bgab 48
1602
1
babg-bgac 63
1603
1
bdba-bgad 7
1604
1
bajd-bgae 57
1605
1
beab-bgaf 12
1606
1
bed-bgag 67
1607
1
bdhi-bgah 6
1608
1
baji-bgai 163
1609
1
egb-bgaj 93
1610
1
ddd-bgba 12
1611
1
dib-bgbb 12
1612
1
bba-bgbc 9
1613
2
bfje-bgbd 13
bfb-bgbd 4
1614
1
bfhe-bgbe 438
1615
1
bbfa-bgbf 7
1616
1
dff-bgbg 48
1617
2
ece-bgbh 10
bgfh-bgbh 30
1618
1
bfjc-bgbi 30
1619
1
cbj-bgbj 27
1620
1
hjh-bgca 3
1621
1
icd-bgcb 141
1622
2
dga-bgcc 144
bdbe-bgcc 9
1624
1
bacd-bgce 1
1625
1
cib-bgcf 163
1626
1
cba-bgcg 202
1627
1
cga-bgch 93
1628
2
hje-bgci 354
bda-bgci 42
1629
1
beeg-bgcj 127
1630
1
bcai-bgda 12
1631
1
jdd-bgdb 31
1632
1
gbb-bgdc 52
1633
3
bffd-bgdd 1
ede-bgdd 115
bhf-bgdd 10
1634
1
beic-bgde 162
1635
1
bbia-bgdf 28
1636
1
baf-bgdg 30
1637
1
hhh-bgdh 4
1638
2
jdi-bgdi 1
bach-bgdi 10
1639
1
jdb-bgdj 127
1640
1
bcia-bgea 21
1641
1
ega-bgeb 114
1642
2
djd-bgec 18
bacg-bgec 10
1643
1
behi-bged 13
1644
1
hjf-bgee 3
1645
1
fed-bgef 16
1646
1
baca-bgeg 22
1647
1
bece-bgeh 9
1648
1
bgca-bgei 3
1649
1
jej-bgej 270
1650
1
bddj-bgfa 349
1651
1
bhh-bgfb 7
1652
1
bfjg-bgfc 43
1653
2
ddb-bgfd 7
gif-bgfd 427
1654
1
bfcf-bgfe 7
1655
1
bcgh-bgff 31
1656
1
bce-bgfg 22
1657
1
bgbi-bgfh 30
1658
1
bie-bgfi 3
1659
1
eef-bgfj 54
1660
1
bdhi-bgga 387
1661
1
bdhg-bggb 12
